2025-06-11 00:02:44.919  INFO c.n.d.s.r.aws.ConfigClusterResolver      : Resolving eureka endpoints via configuration
2025-06-11 00:07:44.992  INFO c.n.d.s.r.aws.ConfigClusterResolver      : Resolving eureka endpoints via configuration
2025-06-11 00:12:45.038  INFO c.n.d.s.r.aws.ConfigClusterResolver      : Resolving eureka endpoints via configuration
2025-06-11 00:17:45.052  INFO c.n.d.s.r.aws.ConfigClusterResolver      : Resolving eureka endpoints via configuration
2025-06-11 00:22:45.091  INFO c.n.d.s.r.aws.ConfigClusterResolver      : Resolving eureka endpoints via configuration
2025-06-11 00:25:25.095  INFO c.p.s.service.SupplierServiceImpl        : Fetching all suppliers
2025-06-11 00:25:25.104 DEBUG org.hibernate.SQL                        : 
    select
        s1_0.supplier_id,
        s1_0.contact_info,
        s1_0.name 
    from
        supplier s1_0
2025-06-11 00:25:25.111  INFO c.p.s.service.SupplierServiceImpl        : Found 3 suppliers in local database.
2025-06-11 00:25:25.111 DEBUG org.hibernate.SQL                        : 
    select
        ppi1_0.supplier_id,
        ppi1_0.product_id 
    from
        supplier_provided_product_ids ppi1_0 
    where
        ppi1_0.supplier_id=?
2025-06-11 00:25:25.244 DEBUG org.hibernate.SQL                        : 
    select
        ppi1_0.supplier_id,
        ppi1_0.product_id 
    from
        supplier_provided_product_ids ppi1_0 
    where
        ppi1_0.supplier_id=?
2025-06-11 00:25:25.260 ERROR c.p.s.service.SupplierServiceImpl        : Error fetching product ID 10 from Product Service for supplier 8: [404] during [GET] to [http://localhost:8081/api/products/10] [ProductClient#getProductById(Long)]: []
2025-06-11 00:25:25.262 DEBUG org.hibernate.SQL                        : 
    select
        ppi1_0.supplier_id,
        ppi1_0.product_id 
    from
        supplier_provided_product_ids ppi1_0 
    where
        ppi1_0.supplier_id=?
2025-06-11 00:25:25.307  INFO c.p.s.service.SupplierServiceImpl        : Fetching all suppliers
2025-06-11 00:25:25.310 DEBUG org.hibernate.SQL                        : 
    select
        s1_0.supplier_id,
        s1_0.contact_info,
        s1_0.name 
    from
        supplier s1_0
2025-06-11 00:25:25.314  INFO c.p.s.service.SupplierServiceImpl        : Found 3 suppliers in local database.
2025-06-11 00:25:25.314 DEBUG org.hibernate.SQL                        : 
    select
        ppi1_0.supplier_id,
        ppi1_0.product_id 
    from
        supplier_provided_product_ids ppi1_0 
    where
        ppi1_0.supplier_id=?
2025-06-11 00:25:25.447 DEBUG org.hibernate.SQL                        : 
    select
        ppi1_0.supplier_id,
        ppi1_0.product_id 
    from
        supplier_provided_product_ids ppi1_0 
    where
        ppi1_0.supplier_id=?
2025-06-11 00:25:25.456 ERROR c.p.s.service.SupplierServiceImpl        : Error fetching product ID 10 from Product Service for supplier 8: [404] during [GET] to [http://localhost:8081/api/products/10] [ProductClient#getProductById(Long)]: []
2025-06-11 00:25:25.457 DEBUG org.hibernate.SQL                        : 
    select
        ppi1_0.supplier_id,
        ppi1_0.product_id 
    from
        supplier_provided_product_ids ppi1_0 
    where
        ppi1_0.supplier_id=?
2025-06-11 00:27:45.103  INFO c.n.d.s.r.aws.ConfigClusterResolver      : Resolving eureka endpoints via configuration
2025-06-11 00:32:45.106  INFO c.n.d.s.r.aws.ConfigClusterResolver      : Resolving eureka endpoints via configuration
2025-06-11 00:37:45.114  INFO c.n.d.s.r.aws.ConfigClusterResolver      : Resolving eureka endpoints via configuration
2025-06-11 00:42:45.125  INFO c.n.d.s.r.aws.ConfigClusterResolver      : Resolving eureka endpoints via configuration
2025-06-11 00:45:24.904  INFO c.p.s.service.SupplierServiceImpl        : Fetching all suppliers
2025-06-11 00:45:24.909 DEBUG org.hibernate.SQL                        : 
    select
        s1_0.supplier_id,
        s1_0.contact_info,
        s1_0.name 
    from
        supplier s1_0
2025-06-11 00:45:24.917  INFO c.p.s.service.SupplierServiceImpl        : Found 3 suppliers in local database.
2025-06-11 00:45:24.917 DEBUG org.hibernate.SQL                        : 
    select
        ppi1_0.supplier_id,
        ppi1_0.product_id 
    from
        supplier_provided_product_ids ppi1_0 
    where
        ppi1_0.supplier_id=?
2025-06-11 00:45:24.954 DEBUG org.hibernate.SQL                        : 
    select
        ppi1_0.supplier_id,
        ppi1_0.product_id 
    from
        supplier_provided_product_ids ppi1_0 
    where
        ppi1_0.supplier_id=?
2025-06-11 00:45:24.958 ERROR c.p.s.service.SupplierServiceImpl        : Error fetching product ID 10 from Product Service for supplier 8: [404] during [GET] to [http://localhost:8081/api/products/10] [ProductClient#getProductById(Long)]: []
2025-06-11 00:45:24.958 DEBUG org.hibernate.SQL                        : 
    select
        ppi1_0.supplier_id,
        ppi1_0.product_id 
    from
        supplier_provided_product_ids ppi1_0 
    where
        ppi1_0.supplier_id=?
2025-06-11 00:45:24.988  INFO c.p.s.service.SupplierServiceImpl        : Fetching all suppliers
2025-06-11 00:45:24.998 DEBUG org.hibernate.SQL                        : 
    select
        s1_0.supplier_id,
        s1_0.contact_info,
        s1_0.name 
    from
        supplier s1_0
2025-06-11 00:45:24.998  INFO c.p.s.service.SupplierServiceImpl        : Found 3 suppliers in local database.
2025-06-11 00:45:24.998 DEBUG org.hibernate.SQL                        : 
    select
        ppi1_0.supplier_id,
        ppi1_0.product_id 
    from
        supplier_provided_product_ids ppi1_0 
    where
        ppi1_0.supplier_id=?
2025-06-11 00:45:25.037 DEBUG org.hibernate.SQL                        : 
    select
        ppi1_0.supplier_id,
        ppi1_0.product_id 
    from
        supplier_provided_product_ids ppi1_0 
    where
        ppi1_0.supplier_id=?
2025-06-11 00:45:25.045 ERROR c.p.s.service.SupplierServiceImpl        : Error fetching product ID 10 from Product Service for supplier 8: [404] during [GET] to [http://localhost:8081/api/products/10] [ProductClient#getProductById(Long)]: []
2025-06-11 00:45:25.045 DEBUG org.hibernate.SQL                        : 
    select
        ppi1_0.supplier_id,
        ppi1_0.product_id 
    from
        supplier_provided_product_ids ppi1_0 
    where
        ppi1_0.supplier_id=?
2025-06-11 00:47:45.130  INFO c.n.d.s.r.aws.ConfigClusterResolver      : Resolving eureka endpoints via configuration
2025-06-11 00:52:45.132  INFO c.n.d.s.r.aws.ConfigClusterResolver      : Resolving eureka endpoints via configuration
2025-06-11 00:54:48.734  INFO c.p.s.service.SupplierServiceImpl        : Fetching all suppliers
2025-06-11 00:54:48.738 DEBUG org.hibernate.SQL                        : 
    select
        s1_0.supplier_id,
        s1_0.contact_info,
        s1_0.name 
    from
        supplier s1_0
2025-06-11 00:54:48.741  INFO c.p.s.service.SupplierServiceImpl        : Found 3 suppliers in local database.
2025-06-11 00:54:48.741 DEBUG org.hibernate.SQL                        : 
    select
        ppi1_0.supplier_id,
        ppi1_0.product_id 
    from
        supplier_provided_product_ids ppi1_0 
    where
        ppi1_0.supplier_id=?
2025-06-11 00:54:48.765 DEBUG org.hibernate.SQL                        : 
    select
        ppi1_0.supplier_id,
        ppi1_0.product_id 
    from
        supplier_provided_product_ids ppi1_0 
    where
        ppi1_0.supplier_id=?
2025-06-11 00:54:48.774 ERROR c.p.s.service.SupplierServiceImpl        : Error fetching product ID 10 from Product Service for supplier 8: [404] during [GET] to [http://localhost:8081/api/products/10] [ProductClient#getProductById(Long)]: []
2025-06-11 00:54:48.775 DEBUG org.hibernate.SQL                        : 
    select
        ppi1_0.supplier_id,
        ppi1_0.product_id 
    from
        supplier_provided_product_ids ppi1_0 
    where
        ppi1_0.supplier_id=?
2025-06-11 00:54:48.796  INFO c.p.s.service.SupplierServiceImpl        : Fetching all suppliers
2025-06-11 00:54:48.800 DEBUG org.hibernate.SQL                        : 
    select
        s1_0.supplier_id,
        s1_0.contact_info,
        s1_0.name 
    from
        supplier s1_0
2025-06-11 00:54:48.804  INFO c.p.s.service.SupplierServiceImpl        : Found 3 suppliers in local database.
2025-06-11 00:54:48.805 DEBUG org.hibernate.SQL                        : 
    select
        ppi1_0.supplier_id,
        ppi1_0.product_id 
    from
        supplier_provided_product_ids ppi1_0 
    where
        ppi1_0.supplier_id=?
2025-06-11 00:54:48.834 DEBUG org.hibernate.SQL                        : 
    select
        ppi1_0.supplier_id,
        ppi1_0.product_id 
    from
        supplier_provided_product_ids ppi1_0 
    where
        ppi1_0.supplier_id=?
2025-06-11 00:54:48.841 ERROR c.p.s.service.SupplierServiceImpl        : Error fetching product ID 10 from Product Service for supplier 8: [404] during [GET] to [http://localhost:8081/api/products/10] [ProductClient#getProductById(Long)]: []
2025-06-11 00:54:48.841 DEBUG org.hibernate.SQL                        : 
    select
        ppi1_0.supplier_id,
        ppi1_0.product_id 
    from
        supplier_provided_product_ids ppi1_0 
    where
        ppi1_0.supplier_id=?
2025-06-11 00:57:01.456  INFO c.p.s.service.SupplierServiceImpl        : Fetching all suppliers
2025-06-11 00:57:01.458 DEBUG org.hibernate.SQL                        : 
    select
        s1_0.supplier_id,
        s1_0.contact_info,
        s1_0.name 
    from
        supplier s1_0
2025-06-11 00:57:01.462  INFO c.p.s.service.SupplierServiceImpl        : Found 3 suppliers in local database.
2025-06-11 00:57:01.462 DEBUG org.hibernate.SQL                        : 
    select
        ppi1_0.supplier_id,
        ppi1_0.product_id 
    from
        supplier_provided_product_ids ppi1_0 
    where
        ppi1_0.supplier_id=?
2025-06-11 00:57:01.481 DEBUG org.hibernate.SQL                        : 
    select
        ppi1_0.supplier_id,
        ppi1_0.product_id 
    from
        supplier_provided_product_ids ppi1_0 
    where
        ppi1_0.supplier_id=?
2025-06-11 00:57:01.487 ERROR c.p.s.service.SupplierServiceImpl        : Error fetching product ID 10 from Product Service for supplier 8: [404] during [GET] to [http://localhost:8081/api/products/10] [ProductClient#getProductById(Long)]: []
2025-06-11 00:57:01.487 DEBUG org.hibernate.SQL                        : 
    select
        ppi1_0.supplier_id,
        ppi1_0.product_id 
    from
        supplier_provided_product_ids ppi1_0 
    where
        ppi1_0.supplier_id=?
2025-06-11 00:57:01.550  INFO c.p.s.service.SupplierServiceImpl        : Calculating products supplied count for supplier ID: 7
2025-06-11 00:57:01.569 DEBUG org.hibernate.SQL                        : 
    select
        s1_0.supplier_id,
        s1_0.contact_info,
        s1_0.name 
    from
        supplier s1_0 
    where
        s1_0.supplier_id=?
2025-06-11 00:57:01.572 DEBUG org.hibernate.SQL                        : 
    select
        ppi1_0.supplier_id,
        ppi1_0.product_id 
    from
        supplier_provided_product_ids ppi1_0 
    where
        ppi1_0.supplier_id=?
2025-06-11 00:57:01.573  INFO c.p.s.service.SupplierServiceImpl        : Supplier ID 7 provides 2 products.
2025-06-11 00:57:01.610  INFO c.p.s.service.SupplierServiceImpl        : Calculating products supplied count for supplier ID: 8
2025-06-11 00:57:01.611 DEBUG org.hibernate.SQL                        : 
    select
        s1_0.supplier_id,
        s1_0.contact_info,
        s1_0.name 
    from
        supplier s1_0 
    where
        s1_0.supplier_id=?
2025-06-11 00:57:01.614 DEBUG org.hibernate.SQL                        : 
    select
        ppi1_0.supplier_id,
        ppi1_0.product_id 
    from
        supplier_provided_product_ids ppi1_0 
    where
        ppi1_0.supplier_id=?
2025-06-11 00:57:01.615  INFO c.p.s.service.SupplierServiceImpl        : Supplier ID 8 provides 1 products.
2025-06-11 00:57:01.643  INFO c.p.s.service.SupplierServiceImpl        : Calculating products supplied count for supplier ID: 9
2025-06-11 00:57:01.644 DEBUG org.hibernate.SQL                        : 
    select
        s1_0.supplier_id,
        s1_0.contact_info,
        s1_0.name 
    from
        supplier s1_0 
    where
        s1_0.supplier_id=?
2025-06-11 00:57:01.646 DEBUG org.hibernate.SQL                        : 
    select
        ppi1_0.supplier_id,
        ppi1_0.product_id 
    from
        supplier_provided_product_ids ppi1_0 
    where
        ppi1_0.supplier_id=?
2025-06-11 00:57:01.647  INFO c.p.s.service.SupplierServiceImpl        : Supplier ID 9 provides 1 products.
2025-06-11 00:57:45.144  INFO c.n.d.s.r.aws.ConfigClusterResolver      : Resolving eureka endpoints via configuration
2025-06-11 01:01:37.653  INFO c.p.s.service.SupplierServiceImpl        : Fetching all suppliers
2025-06-11 01:01:37.655 DEBUG org.hibernate.SQL                        : 
    select
        s1_0.supplier_id,
        s1_0.contact_info,
        s1_0.name 
    from
        supplier s1_0
2025-06-11 01:01:37.660  INFO c.p.s.service.SupplierServiceImpl        : Found 3 suppliers in local database.
2025-06-11 01:01:37.660 DEBUG org.hibernate.SQL                        : 
    select
        ppi1_0.supplier_id,
        ppi1_0.product_id 
    from
        supplier_provided_product_ids ppi1_0 
    where
        ppi1_0.supplier_id=?
2025-06-11 01:01:37.684 DEBUG org.hibernate.SQL                        : 
    select
        ppi1_0.supplier_id,
        ppi1_0.product_id 
    from
        supplier_provided_product_ids ppi1_0 
    where
        ppi1_0.supplier_id=?
2025-06-11 01:01:37.690 ERROR c.p.s.service.SupplierServiceImpl        : Error fetching product ID 10 from Product Service for supplier 8: [404] during [GET] to [http://localhost:8081/api/products/10] [ProductClient#getProductById(Long)]: []
2025-06-11 01:01:37.691 DEBUG org.hibernate.SQL                        : 
    select
        ppi1_0.supplier_id,
        ppi1_0.product_id 
    from
        supplier_provided_product_ids ppi1_0 
    where
        ppi1_0.supplier_id=?
2025-06-11 01:01:37.708  INFO c.p.s.service.SupplierServiceImpl        : Fetching all suppliers
2025-06-11 01:01:37.710 DEBUG org.hibernate.SQL                        : 
    select
        s1_0.supplier_id,
        s1_0.contact_info,
        s1_0.name 
    from
        supplier s1_0
2025-06-11 01:01:37.712  INFO c.p.s.service.SupplierServiceImpl        : Found 3 suppliers in local database.
2025-06-11 01:01:37.713 DEBUG org.hibernate.SQL                        : 
    select
        ppi1_0.supplier_id,
        ppi1_0.product_id 
    from
        supplier_provided_product_ids ppi1_0 
    where
        ppi1_0.supplier_id=?
2025-06-11 01:01:37.734 DEBUG org.hibernate.SQL                        : 
    select
        ppi1_0.supplier_id,
        ppi1_0.product_id 
    from
        supplier_provided_product_ids ppi1_0 
    where
        ppi1_0.supplier_id=?
2025-06-11 01:01:37.740 ERROR c.p.s.service.SupplierServiceImpl        : Error fetching product ID 10 from Product Service for supplier 8: [404] during [GET] to [http://localhost:8081/api/products/10] [ProductClient#getProductById(Long)]: []
2025-06-11 01:01:37.741 DEBUG org.hibernate.SQL                        : 
    select
        ppi1_0.supplier_id,
        ppi1_0.product_id 
    from
        supplier_provided_product_ids ppi1_0 
    where
        ppi1_0.supplier_id=?
2025-06-11 01:02:45.177  INFO c.n.d.s.r.aws.ConfigClusterResolver      : Resolving eureka endpoints via configuration
2025-06-11 01:07:07.052  INFO o.s.c.n.e.s.EurekaServiceRegistry        : Unregistering application SUPPLIER-SERVICE with eureka with status DOWN
2025-06-11 01:07:07.053  INFO com.netflix.discovery.DiscoveryClient    : Saw local status change event StatusChangeEvent [timestamp=1749584227052, current=DOWN, previous=UP]
2025-06-11 01:07:07.053  INFO com.netflix.discovery.DiscoveryClient    : DiscoveryClient_SUPPLIER-SERVICE/LTIN600853.cts.com:supplier-service:8089: registering service...
2025-06-11 01:07:07.077  INFO o.s.b.w.e.tomcat.GracefulShutdown        : Commencing graceful shutdown. Waiting for active requests to complete
2025-06-11 01:07:07.096  INFO o.s.b.w.e.tomcat.GracefulShutdown        : Graceful shutdown complete
2025-06-11 01:07:07.128  INFO c.n.d.s.t.d.RedirectingEurekaHttpClient  : Request execution error. endpoint=DefaultEndpoint{ serviceUrl='http://localhost:8761/eureka/} exception=I/O error on POST request for "http://localhost:8761/eureka/apps/SUPPLIER-SERVICE": Connect to http://localhost:8761 [localhost/127.0.0.1, localhost/0:0:0:0:0:0:0:1] failed: Connection refused: no further information stacktrace=org.springframework.web.client.ResourceAccessException: I/O error on POST request for "http://localhost:8761/eureka/apps/SUPPLIER-SERVICE": Connect to http://localhost:8761 [localhost/127.0.0.1, localhost/0:0:0:0:0:0:0:1] failed: Connection refused: no further information
	at org.springframework.web.client.RestTemplate.createResourceAccessException(RestTemplate.java:926)
	at org.springframework.web.client.RestTemplate.doExecute(RestTemplate.java:906)
	at org.springframework.web.client.RestTemplate.execute(RestTemplate.java:841)
	at org.springframework.web.client.RestTemplate.exchange(RestTemplate.java:702)
	at org.springframework.cloud.netflix.eureka.http.RestTemplateEurekaHttpClient.register(RestTemplateEurekaHttpClient.java:87)
	at com.netflix.discovery.shared.transport.decorator.EurekaHttpClientDecorator$1.execute(EurekaHttpClientDecorator.java:59)
	at com.netflix.discovery.shared.transport.decorator.RedirectingEurekaHttpClient.execute(RedirectingEurekaHttpClient.java:91)
	at com.netflix.discovery.shared.transport.decorator.EurekaHttpClientDecorator.register(EurekaHttpClientDecorator.java:56)
	at com.netflix.discovery.shared.transport.decorator.EurekaHttpClientDecorator$1.execute(EurekaHttpClientDecorator.java:59)
	at com.netflix.discovery.shared.transport.decorator.RetryableEurekaHttpClient.execute(RetryableEurekaHttpClient.java:120)
	at com.netflix.discovery.shared.transport.decorator.EurekaHttpClientDecorator.register(EurekaHttpClientDecorator.java:56)
	at com.netflix.discovery.shared.transport.decorator.EurekaHttpClientDecorator$1.execute(EurekaHttpClientDecorator.java:59)
	at com.netflix.discovery.shared.transport.decorator.SessionedEurekaHttpClient.execute(SessionedEurekaHttpClient.java:76)
	at com.netflix.discovery.shared.transport.decorator.EurekaHttpClientDecorator.register(EurekaHttpClientDecorator.java:56)
	at com.netflix.discovery.DiscoveryClient.register(DiscoveryClient.java:828)
	at com.netflix.discovery.InstanceInfoReplicator.run(InstanceInfoReplicator.java:125)
	at com.netflix.discovery.InstanceInfoReplicator$2.run(InstanceInfoReplicator.java:105)
	at java.base/java.util.concurrent.Executors$RunnableAdapter.call(Executors.java:572)
	at java.base/java.util.concurrent.FutureTask.run(FutureTask.java:317)
	at java.base/java.util.concurrent.ScheduledThreadPoolExecutor$ScheduledFutureTask.run(ScheduledThreadPoolExecutor.java:304)
	at java.base/java.util.concurrent.ThreadPoolExecutor.runWorker(ThreadPoolExecutor.java:1144)
	at java.base/java.util.concurrent.ThreadPoolExecutor$Worker.run(ThreadPoolExecutor.java:642)
	at java.base/java.lang.Thread.run(Thread.java:1583)
Caused by: org.apache.hc.client5.http.HttpHostConnectException: Connect to http://localhost:8761 [localhost/127.0.0.1, localhost/0:0:0:0:0:0:0:1] failed: Connection refused: no further information
	at java.base/sun.nio.ch.Net.pollConnect(Native Method)
	at java.base/sun.nio.ch.Net.pollConnectNow(Net.java:682)
	at java.base/sun.nio.ch.NioSocketImpl.timedFinishConnect(NioSocketImpl.java:542)
	at java.base/sun.nio.ch.NioSocketImpl.connect(NioSocketImpl.java:592)
	at java.base/java.net.SocksSocketImpl.connect(SocksSocketImpl.java:327)
	at java.base/java.net.Socket.connect(Socket.java:751)
	at org.apache.hc.client5.http.impl.io.DefaultHttpClientConnectionOperator.connect(DefaultHttpClientConnectionOperator.java:216)
	at org.apache.hc.client5.http.impl.io.PoolingHttpClientConnectionManager.connect(PoolingHttpClientConnectionManager.java:490)
	at org.apache.hc.client5.http.impl.classic.InternalExecRuntime.connectEndpoint(InternalExecRuntime.java:164)
	at org.apache.hc.client5.http.impl.classic.InternalExecRuntime.connectEndpoint(InternalExecRuntime.java:174)
	at org.apache.hc.client5.http.impl.classic.ConnectExec.execute(ConnectExec.java:144)
	at org.apache.hc.client5.http.impl.classic.ExecChainElement.execute(ExecChainElement.java:51)
	at org.apache.hc.client5.http.impl.classic.ProtocolExec.execute(ProtocolExec.java:192)
	at org.apache.hc.client5.http.impl.classic.ExecChainElement.execute(ExecChainElement.java:51)
	at org.apache.hc.client5.http.impl.classic.ContentCompressionExec.execute(ContentCompressionExec.java:150)
	at org.apache.hc.client5.http.impl.classic.ExecChainElement.execute(ExecChainElement.java:51)
	at org.apache.hc.client5.http.impl.classic.HttpRequestRetryExec.execute(HttpRequestRetryExec.java:113)
	at org.apache.hc.client5.http.impl.classic.ExecChainElement.execute(ExecChainElement.java:51)
	at org.apache.hc.client5.http.impl.classic.RedirectExec.execute(RedirectExec.java:110)
	at org.apache.hc.client5.http.impl.classic.ExecChainElement.execute(ExecChainElement.java:51)
	at org.apache.hc.client5.http.impl.classic.InternalHttpClient.doExecute(InternalHttpClient.java:183)
	at org.apache.hc.client5.http.impl.classic.CloseableHttpClient.execute(CloseableHttpClient.java:87)
	at org.apache.hc.client5.http.impl.classic.CloseableHttpClient.execute(CloseableHttpClient.java:55)
	at org.apache.hc.client5.http.classic.HttpClient.executeOpen(HttpClient.java:183)
	at org.springframework.http.client.HttpComponentsClientHttpRequest.executeInternal(HttpComponentsClientHttpRequest.java:99)
	at org.springframework.http.client.AbstractStreamingClientHttpRequest.executeInternal(AbstractStreamingClientHttpRequest.java:71)
	at org.springframework.http.client.AbstractClientHttpRequest.execute(AbstractClientHttpRequest.java:81)
	at org.springframework.http.client.InterceptingClientHttpRequest$InterceptingRequestExecution.execute(InterceptingClientHttpRequest.java:117)
	at org.springframework.cloud.netflix.eureka.http.RestTemplateTransportClientFactory.lambda$restTemplate$2(RestTemplateTransportClientFactory.java:145)
	at org.springframework.http.client.InterceptingClientHttpRequest$InterceptingRequestExecution.execute(InterceptingClientHttpRequest.java:88)
	at org.springframework.http.client.InterceptingClientHttpRequest.executeInternal(InterceptingClientHttpRequest.java:72)
	at org.springframework.http.client.AbstractBufferingClientHttpRequest.executeInternal(AbstractBufferingClientHttpRequest.java:48)
	at org.springframework.http.client.AbstractClientHttpRequest.execute(AbstractClientHttpRequest.java:81)
	at org.springframework.web.client.RestTemplate.doExecute(RestTemplate.java:900)
	... 21 more

2025-06-11 01:07:07.129  WARN c.n.d.s.t.d.RetryableEurekaHttpClient    : Request execution failed with message: I/O error on POST request for "http://localhost:8761/eureka/apps/SUPPLIER-SERVICE": Connect to http://localhost:8761 [localhost/127.0.0.1, localhost/0:0:0:0:0:0:0:1] failed: Connection refused: no further information
2025-06-11 01:07:07.234  INFO c.n.d.s.t.d.RedirectingEurekaHttpClient  : Request execution error. endpoint=DefaultEndpoint{ serviceUrl='http://localhost:8761/eureka/}, exception=I/O error on POST request for "http://localhost:8761/eureka/apps/SUPPLIER-SERVICE": Connect to http://localhost:8761 [localhost/127.0.0.1, localhost/0:0:0:0:0:0:0:1] failed: Connection refused: no further information stacktrace=org.springframework.web.client.ResourceAccessException: I/O error on POST request for "http://localhost:8761/eureka/apps/SUPPLIER-SERVICE": Connect to http://localhost:8761 [localhost/127.0.0.1, localhost/0:0:0:0:0:0:0:1] failed: Connection refused: no further information
	at org.springframework.web.client.RestTemplate.createResourceAccessException(RestTemplate.java:926)
	at org.springframework.web.client.RestTemplate.doExecute(RestTemplate.java:906)
	at org.springframework.web.client.RestTemplate.execute(RestTemplate.java:841)
	at org.springframework.web.client.RestTemplate.exchange(RestTemplate.java:702)
	at org.springframework.cloud.netflix.eureka.http.RestTemplateEurekaHttpClient.register(RestTemplateEurekaHttpClient.java:87)
	at com.netflix.discovery.shared.transport.decorator.EurekaHttpClientDecorator$1.execute(EurekaHttpClientDecorator.java:59)
	at com.netflix.discovery.shared.transport.decorator.RedirectingEurekaHttpClient.executeOnNewServer(RedirectingEurekaHttpClient.java:121)
	at com.netflix.discovery.shared.transport.decorator.RedirectingEurekaHttpClient.execute(RedirectingEurekaHttpClient.java:80)
	at com.netflix.discovery.shared.transport.decorator.EurekaHttpClientDecorator.register(EurekaHttpClientDecorator.java:56)
	at com.netflix.discovery.shared.transport.decorator.EurekaHttpClientDecorator$1.execute(EurekaHttpClientDecorator.java:59)
	at com.netflix.discovery.shared.transport.decorator.RetryableEurekaHttpClient.execute(RetryableEurekaHttpClient.java:120)
	at com.netflix.discovery.shared.transport.decorator.EurekaHttpClientDecorator.register(EurekaHttpClientDecorator.java:56)
	at com.netflix.discovery.shared.transport.decorator.EurekaHttpClientDecorator$1.execute(EurekaHttpClientDecorator.java:59)
	at com.netflix.discovery.shared.transport.decorator.SessionedEurekaHttpClient.execute(SessionedEurekaHttpClient.java:76)
	at com.netflix.discovery.shared.transport.decorator.EurekaHttpClientDecorator.register(EurekaHttpClientDecorator.java:56)
	at com.netflix.discovery.DiscoveryClient.register(DiscoveryClient.java:828)
	at com.netflix.discovery.InstanceInfoReplicator.run(InstanceInfoReplicator.java:125)
	at com.netflix.discovery.InstanceInfoReplicator$2.run(InstanceInfoReplicator.java:105)
	at java.base/java.util.concurrent.Executors$RunnableAdapter.call(Executors.java:572)
	at java.base/java.util.concurrent.FutureTask.run(FutureTask.java:317)
	at java.base/java.util.concurrent.ScheduledThreadPoolExecutor$ScheduledFutureTask.run(ScheduledThreadPoolExecutor.java:304)
	at java.base/java.util.concurrent.ThreadPoolExecutor.runWorker(ThreadPoolExecutor.java:1144)
	at java.base/java.util.concurrent.ThreadPoolExecutor$Worker.run(ThreadPoolExecutor.java:642)
	at java.base/java.lang.Thread.run(Thread.java:1583)
Caused by: org.apache.hc.client5.http.HttpHostConnectException: Connect to http://localhost:8761 [localhost/127.0.0.1, localhost/0:0:0:0:0:0:0:1] failed: Connection refused: no further information
	at java.base/sun.nio.ch.Net.pollConnect(Native Method)
	at java.base/sun.nio.ch.Net.pollConnectNow(Net.java:682)
	at java.base/sun.nio.ch.NioSocketImpl.timedFinishConnect(NioSocketImpl.java:542)
	at java.base/sun.nio.ch.NioSocketImpl.connect(NioSocketImpl.java:592)
	at java.base/java.net.SocksSocketImpl.connect(SocksSocketImpl.java:327)
	at java.base/java.net.Socket.connect(Socket.java:751)
	at org.apache.hc.client5.http.impl.io.DefaultHttpClientConnectionOperator.connect(DefaultHttpClientConnectionOperator.java:216)
	at org.apache.hc.client5.http.impl.io.PoolingHttpClientConnectionManager.connect(PoolingHttpClientConnectionManager.java:490)
	at org.apache.hc.client5.http.impl.classic.InternalExecRuntime.connectEndpoint(InternalExecRuntime.java:164)
	at org.apache.hc.client5.http.impl.classic.InternalExecRuntime.connectEndpoint(InternalExecRuntime.java:174)
	at org.apache.hc.client5.http.impl.classic.ConnectExec.execute(ConnectExec.java:144)
	at org.apache.hc.client5.http.impl.classic.ExecChainElement.execute(ExecChainElement.java:51)
	at org.apache.hc.client5.http.impl.classic.ProtocolExec.execute(ProtocolExec.java:192)
	at org.apache.hc.client5.http.impl.classic.ExecChainElement.execute(ExecChainElement.java:51)
	at org.apache.hc.client5.http.impl.classic.ContentCompressionExec.execute(ContentCompressionExec.java:150)
	at org.apache.hc.client5.http.impl.classic.ExecChainElement.execute(ExecChainElement.java:51)
	at org.apache.hc.client5.http.impl.classic.HttpRequestRetryExec.execute(HttpRequestRetryExec.java:113)
	at org.apache.hc.client5.http.impl.classic.ExecChainElement.execute(ExecChainElement.java:51)
	at org.apache.hc.client5.http.impl.classic.RedirectExec.execute(RedirectExec.java:110)
	at org.apache.hc.client5.http.impl.classic.ExecChainElement.execute(ExecChainElement.java:51)
	at org.apache.hc.client5.http.impl.classic.InternalHttpClient.doExecute(InternalHttpClient.java:183)
	at org.apache.hc.client5.http.impl.classic.CloseableHttpClient.execute(CloseableHttpClient.java:87)
	at org.apache.hc.client5.http.impl.classic.CloseableHttpClient.execute(CloseableHttpClient.java:55)
	at org.apache.hc.client5.http.classic.HttpClient.executeOpen(HttpClient.java:183)
	at org.springframework.http.client.HttpComponentsClientHttpRequest.executeInternal(HttpComponentsClientHttpRequest.java:99)
	at org.springframework.http.client.AbstractStreamingClientHttpRequest.executeInternal(AbstractStreamingClientHttpRequest.java:71)
	at org.springframework.http.client.AbstractClientHttpRequest.execute(AbstractClientHttpRequest.java:81)
	at org.springframework.http.client.InterceptingClientHttpRequest$InterceptingRequestExecution.execute(InterceptingClientHttpRequest.java:117)
	at org.springframework.cloud.netflix.eureka.http.RestTemplateTransportClientFactory.lambda$restTemplate$2(RestTemplateTransportClientFactory.java:145)
	at org.springframework.http.client.InterceptingClientHttpRequest$InterceptingRequestExecution.execute(InterceptingClientHttpRequest.java:88)
	at org.springframework.http.client.InterceptingClientHttpRequest.executeInternal(InterceptingClientHttpRequest.java:72)
	at org.springframework.http.client.AbstractBufferingClientHttpRequest.executeInternal(AbstractBufferingClientHttpRequest.java:48)
	at org.springframework.http.client.AbstractClientHttpRequest.execute(AbstractClientHttpRequest.java:81)
	at org.springframework.web.client.RestTemplate.doExecute(RestTemplate.java:900)
	... 22 more

2025-06-11 01:07:07.235  WARN c.n.d.s.t.d.RetryableEurekaHttpClient    : Request execution failed with message: I/O error on POST request for "http://localhost:8761/eureka/apps/SUPPLIER-SERVICE": Connect to http://localhost:8761 [localhost/127.0.0.1, localhost/0:0:0:0:0:0:0:1] failed: Connection refused: no further information
2025-06-11 01:07:07.236  WARN com.netflix.discovery.DiscoveryClient    : DiscoveryClient_SUPPLIER-SERVICE/LTIN600853.cts.com:supplier-service:8089 - registration failed Cannot execute request on any known server
com.netflix.discovery.shared.transport.TransportException: Cannot execute request on any known server
	at com.netflix.discovery.shared.transport.decorator.RetryableEurekaHttpClient.execute(RetryableEurekaHttpClient.java:112)
	at com.netflix.discovery.shared.transport.decorator.EurekaHttpClientDecorator.register(EurekaHttpClientDecorator.java:56)
	at com.netflix.discovery.shared.transport.decorator.EurekaHttpClientDecorator$1.execute(EurekaHttpClientDecorator.java:59)
	at com.netflix.discovery.shared.transport.decorator.SessionedEurekaHttpClient.execute(SessionedEurekaHttpClient.java:76)
	at com.netflix.discovery.shared.transport.decorator.EurekaHttpClientDecorator.register(EurekaHttpClientDecorator.java:56)
	at com.netflix.discovery.DiscoveryClient.register(DiscoveryClient.java:828)
	at com.netflix.discovery.InstanceInfoReplicator.run(InstanceInfoReplicator.java:125)
	at com.netflix.discovery.InstanceInfoReplicator$2.run(InstanceInfoReplicator.java:105)
	at java.base/java.util.concurrent.Executors$RunnableAdapter.call(Executors.java:572)
	at java.base/java.util.concurrent.FutureTask.run(FutureTask.java:317)
	at java.base/java.util.concurrent.ScheduledThreadPoolExecutor$ScheduledFutureTask.run(ScheduledThreadPoolExecutor.java:304)
	at java.base/java.util.concurrent.ThreadPoolExecutor.runWorker(ThreadPoolExecutor.java:1144)
	at java.base/java.util.concurrent.ThreadPoolExecutor$Worker.run(ThreadPoolExecutor.java:642)
	at java.base/java.lang.Thread.run(Thread.java:1583)
2025-06-11 01:07:07.281  WARN c.n.discovery.InstanceInfoReplicator     : There was a problem with the instance info replicator
com.netflix.discovery.shared.transport.TransportException: Cannot execute request on any known server
	at com.netflix.discovery.shared.transport.decorator.RetryableEurekaHttpClient.execute(RetryableEurekaHttpClient.java:112)
	at com.netflix.discovery.shared.transport.decorator.EurekaHttpClientDecorator.register(EurekaHttpClientDecorator.java:56)
	at com.netflix.discovery.shared.transport.decorator.EurekaHttpClientDecorator$1.execute(EurekaHttpClientDecorator.java:59)
	at com.netflix.discovery.shared.transport.decorator.SessionedEurekaHttpClient.execute(SessionedEurekaHttpClient.java:76)
	at com.netflix.discovery.shared.transport.decorator.EurekaHttpClientDecorator.register(EurekaHttpClientDecorator.java:56)
	at com.netflix.discovery.DiscoveryClient.register(DiscoveryClient.java:828)
	at com.netflix.discovery.InstanceInfoReplicator.run(InstanceInfoReplicator.java:125)
	at com.netflix.discovery.InstanceInfoReplicator$2.run(InstanceInfoReplicator.java:105)
	at java.base/java.util.concurrent.Executors$RunnableAdapter.call(Executors.java:572)
	at java.base/java.util.concurrent.FutureTask.run(FutureTask.java:317)
	at java.base/java.util.concurrent.ScheduledThreadPoolExecutor$ScheduledFutureTask.run(ScheduledThreadPoolExecutor.java:304)
	at java.base/java.util.concurrent.ThreadPoolExecutor.runWorker(ThreadPoolExecutor.java:1144)
	at java.base/java.util.concurrent.ThreadPoolExecutor$Worker.run(ThreadPoolExecutor.java:642)
	at java.base/java.lang.Thread.run(Thread.java:1583)
2025-06-11 01:07:07.613  INFO j.LocalContainerEntityManagerFactoryBean : Closing JPA EntityManagerFactory for persistence unit 'default'
2025-06-11 01:07:07.678  INFO com.zaxxer.hikari.HikariDataSource       : HikariPool-1 - Shutdown initiated...
2025-06-11 01:07:07.697  INFO com.zaxxer.hikari.HikariDataSource       : HikariPool-1 - Shutdown completed.
2025-06-11 01:07:07.700  INFO com.netflix.discovery.DiscoveryClient    : Shutting down DiscoveryClient ...
2025-06-11 01:07:10.703  INFO com.netflix.discovery.DiscoveryClient    : Unregistering ...
2025-06-11 01:07:10.735  INFO c.n.d.s.t.d.RedirectingEurekaHttpClient  : Request execution error. endpoint=DefaultEndpoint{ serviceUrl='http://localhost:8761/eureka/}, exception=I/O error on DELETE request for "http://localhost:8761/eureka/apps/SUPPLIER-SERVICE/LTIN600853.cts.com:supplier-service:8089": Connect to http://localhost:8761 [localhost/127.0.0.1, localhost/0:0:0:0:0:0:0:1] failed: Connection refused: no further information stacktrace=org.springframework.web.client.ResourceAccessException: I/O error on DELETE request for "http://localhost:8761/eureka/apps/SUPPLIER-SERVICE/LTIN600853.cts.com:supplier-service:8089": Connect to http://localhost:8761 [localhost/127.0.0.1, localhost/0:0:0:0:0:0:0:1] failed: Connection refused: no further information
	at org.springframework.web.client.RestTemplate.createResourceAccessException(RestTemplate.java:926)
	at org.springframework.web.client.RestTemplate.doExecute(RestTemplate.java:906)
	at org.springframework.web.client.RestTemplate.execute(RestTemplate.java:841)
	at org.springframework.web.client.RestTemplate.exchange(RestTemplate.java:702)
	at org.springframework.cloud.netflix.eureka.http.RestTemplateEurekaHttpClient.cancel(RestTemplateEurekaHttpClient.java:100)
	at com.netflix.discovery.shared.transport.decorator.EurekaHttpClientDecorator$2.execute(EurekaHttpClientDecorator.java:74)
	at com.netflix.discovery.shared.transport.decorator.RedirectingEurekaHttpClient.executeOnNewServer(RedirectingEurekaHttpClient.java:121)
	at com.netflix.discovery.shared.transport.decorator.RedirectingEurekaHttpClient.execute(RedirectingEurekaHttpClient.java:80)
	at com.netflix.discovery.shared.transport.decorator.EurekaHttpClientDecorator.cancel(EurekaHttpClientDecorator.java:71)
	at com.netflix.discovery.shared.transport.decorator.EurekaHttpClientDecorator$2.execute(EurekaHttpClientDecorator.java:74)
	at com.netflix.discovery.shared.transport.decorator.RetryableEurekaHttpClient.execute(RetryableEurekaHttpClient.java:120)
	at com.netflix.discovery.shared.transport.decorator.EurekaHttpClientDecorator.cancel(EurekaHttpClientDecorator.java:71)
	at com.netflix.discovery.shared.transport.decorator.EurekaHttpClientDecorator$2.execute(EurekaHttpClientDecorator.java:74)
	at com.netflix.discovery.shared.transport.decorator.SessionedEurekaHttpClient.execute(SessionedEurekaHttpClient.java:76)
	at com.netflix.discovery.shared.transport.decorator.EurekaHttpClientDecorator.cancel(EurekaHttpClientDecorator.java:71)
	at com.netflix.discovery.DiscoveryClient.unregister(DiscoveryClient.java:919)
	at com.netflix.discovery.DiscoveryClient.shutdown(DiscoveryClient.java:900)
	at java.base/jdk.internal.reflect.DirectMethodHandleAccessor.invoke(DirectMethodHandleAccessor.java:103)
	at java.base/java.lang.reflect.Method.invoke(Method.java:580)
	at org.springframework.beans.factory.annotation.InitDestroyAnnotationBeanPostProcessor$LifecycleMethod.invoke(InitDestroyAnnotationBeanPostProcessor.java:457)
	at org.springframework.beans.factory.annotation.InitDestroyAnnotationBeanPostProcessor$LifecycleMetadata.invokeDestroyMethods(InitDestroyAnnotationBeanPostProcessor.java:415)
	at org.springframework.beans.factory.annotation.InitDestroyAnnotationBeanPostProcessor.postProcessBeforeDestruction(InitDestroyAnnotationBeanPostProcessor.java:239)
	at org.springframework.beans.factory.support.DisposableBeanAdapter.destroy(DisposableBeanAdapter.java:202)
	at org.springframework.beans.factory.support.DisposableBeanAdapter.run(DisposableBeanAdapter.java:195)
	at org.springframework.cloud.context.scope.GenericScope$BeanLifecycleWrapper.destroy(GenericScope.java:387)
	at org.springframework.cloud.context.scope.GenericScope.destroy(GenericScope.java:134)
	at org.springframework.beans.factory.support.DisposableBeanAdapter.destroy(DisposableBeanAdapter.java:211)
	at org.springframework.beans.factory.support.DefaultSingletonBeanRegistry.destroyBean(DefaultSingletonBeanRegistry.java:798)
	at org.springframework.beans.factory.support.DefaultSingletonBeanRegistry.destroySingleton(DefaultSingletonBeanRegistry.java:748)
	at org.springframework.beans.factory.support.DefaultListableBeanFactory.destroySingleton(DefaultListableBeanFactory.java:1474)
	at org.springframework.beans.factory.support.DefaultSingletonBeanRegistry.destroySingletons(DefaultSingletonBeanRegistry.java:707)
	at org.springframework.beans.factory.support.DefaultListableBeanFactory.destroySingletons(DefaultListableBeanFactory.java:1467)
	at org.springframework.context.support.AbstractApplicationContext.destroyBeans(AbstractApplicationContext.java:1219)
	at org.springframework.context.support.AbstractApplicationContext.doClose(AbstractApplicationContext.java:1180)
	at org.springframework.boot.web.servlet.context.ServletWebServerApplicationContext.doClose(ServletWebServerApplicationContext.java:179)
	at org.springframework.context.support.AbstractApplicationContext.close(AbstractApplicationContext.java:1126)
	at org.springframework.boot.SpringApplicationShutdownHook.closeAndWait(SpringApplicationShutdownHook.java:147)
	at java.base/java.lang.Iterable.forEach(Iterable.java:75)
	at org.springframework.boot.SpringApplicationShutdownHook.run(SpringApplicationShutdownHook.java:116)
	at java.base/java.lang.Thread.run(Thread.java:1583)
Caused by: org.apache.hc.client5.http.HttpHostConnectException: Connect to http://localhost:8761 [localhost/127.0.0.1, localhost/0:0:0:0:0:0:0:1] failed: Connection refused: no further information
	at java.base/sun.nio.ch.Net.pollConnect(Native Method)
	at java.base/sun.nio.ch.Net.pollConnectNow(Net.java:682)
	at java.base/sun.nio.ch.NioSocketImpl.timedFinishConnect(NioSocketImpl.java:542)
	at java.base/sun.nio.ch.NioSocketImpl.connect(NioSocketImpl.java:592)
	at java.base/java.net.SocksSocketImpl.connect(SocksSocketImpl.java:327)
	at java.base/java.net.Socket.connect(Socket.java:751)
	at org.apache.hc.client5.http.impl.io.DefaultHttpClientConnectionOperator.connect(DefaultHttpClientConnectionOperator.java:216)
	at org.apache.hc.client5.http.impl.io.PoolingHttpClientConnectionManager.connect(PoolingHttpClientConnectionManager.java:490)
	at org.apache.hc.client5.http.impl.classic.InternalExecRuntime.connectEndpoint(InternalExecRuntime.java:164)
	at org.apache.hc.client5.http.impl.classic.InternalExecRuntime.connectEndpoint(InternalExecRuntime.java:174)
	at org.apache.hc.client5.http.impl.classic.ConnectExec.execute(ConnectExec.java:144)
	at org.apache.hc.client5.http.impl.classic.ExecChainElement.execute(ExecChainElement.java:51)
	at org.apache.hc.client5.http.impl.classic.ProtocolExec.execute(ProtocolExec.java:192)
	at org.apache.hc.client5.http.impl.classic.ExecChainElement.execute(ExecChainElement.java:51)
	at org.apache.hc.client5.http.impl.classic.ContentCompressionExec.execute(ContentCompressionExec.java:150)
	at org.apache.hc.client5.http.impl.classic.ExecChainElement.execute(ExecChainElement.java:51)
	at org.apache.hc.client5.http.impl.classic.HttpRequestRetryExec.execute(HttpRequestRetryExec.java:113)
	at org.apache.hc.client5.http.impl.classic.ExecChainElement.execute(ExecChainElement.java:51)
	at org.apache.hc.client5.http.impl.classic.RedirectExec.execute(RedirectExec.java:110)
	at org.apache.hc.client5.http.impl.classic.ExecChainElement.execute(ExecChainElement.java:51)
	at org.apache.hc.client5.http.impl.classic.InternalHttpClient.doExecute(InternalHttpClient.java:183)
	at org.apache.hc.client5.http.impl.classic.CloseableHttpClient.execute(CloseableHttpClient.java:87)
	at org.apache.hc.client5.http.impl.classic.CloseableHttpClient.execute(CloseableHttpClient.java:55)
	at org.apache.hc.client5.http.classic.HttpClient.executeOpen(HttpClient.java:183)
	at org.springframework.http.client.HttpComponentsClientHttpRequest.executeInternal(HttpComponentsClientHttpRequest.java:99)
	at org.springframework.http.client.AbstractStreamingClientHttpRequest.executeInternal(AbstractStreamingClientHttpRequest.java:71)
	at org.springframework.http.client.AbstractClientHttpRequest.execute(AbstractClientHttpRequest.java:81)
	at org.springframework.http.client.InterceptingClientHttpRequest$InterceptingRequestExecution.execute(InterceptingClientHttpRequest.java:117)
	at org.springframework.cloud.netflix.eureka.http.RestTemplateTransportClientFactory.lambda$restTemplate$2(RestTemplateTransportClientFactory.java:145)
	at org.springframework.http.client.InterceptingClientHttpRequest$InterceptingRequestExecution.execute(InterceptingClientHttpRequest.java:88)
	at org.springframework.http.client.InterceptingClientHttpRequest.executeInternal(InterceptingClientHttpRequest.java:72)
	at org.springframework.http.client.AbstractBufferingClientHttpRequest.executeInternal(AbstractBufferingClientHttpRequest.java:48)
	at org.springframework.http.client.AbstractClientHttpRequest.execute(AbstractClientHttpRequest.java:81)
	at org.springframework.web.client.RestTemplate.doExecute(RestTemplate.java:900)
	... 38 more

2025-06-11 01:07:10.735  WARN c.n.d.s.t.d.RetryableEurekaHttpClient    : Request execution failed with message: I/O error on DELETE request for "http://localhost:8761/eureka/apps/SUPPLIER-SERVICE/LTIN600853.cts.com:supplier-service:8089": Connect to http://localhost:8761 [localhost/127.0.0.1, localhost/0:0:0:0:0:0:0:1] failed: Connection refused: no further information
2025-06-11 01:07:10.735 ERROR com.netflix.discovery.DiscoveryClient    : DiscoveryClient_SUPPLIER-SERVICE/LTIN600853.cts.com:supplier-service:8089 - de-registration failedCannot execute request on any known server
com.netflix.discovery.shared.transport.TransportException: Cannot execute request on any known server
	at com.netflix.discovery.shared.transport.decorator.RetryableEurekaHttpClient.execute(RetryableEurekaHttpClient.java:112)
	at com.netflix.discovery.shared.transport.decorator.EurekaHttpClientDecorator.cancel(EurekaHttpClientDecorator.java:71)
	at com.netflix.discovery.shared.transport.decorator.EurekaHttpClientDecorator$2.execute(EurekaHttpClientDecorator.java:74)
	at com.netflix.discovery.shared.transport.decorator.SessionedEurekaHttpClient.execute(SessionedEurekaHttpClient.java:76)
	at com.netflix.discovery.shared.transport.decorator.EurekaHttpClientDecorator.cancel(EurekaHttpClientDecorator.java:71)
	at com.netflix.discovery.DiscoveryClient.unregister(DiscoveryClient.java:919)
	at com.netflix.discovery.DiscoveryClient.shutdown(DiscoveryClient.java:900)
	at java.base/jdk.internal.reflect.DirectMethodHandleAccessor.invoke(DirectMethodHandleAccessor.java:103)
	at java.base/java.lang.reflect.Method.invoke(Method.java:580)
	at org.springframework.beans.factory.annotation.InitDestroyAnnotationBeanPostProcessor$LifecycleMethod.invoke(InitDestroyAnnotationBeanPostProcessor.java:457)
	at org.springframework.beans.factory.annotation.InitDestroyAnnotationBeanPostProcessor$LifecycleMetadata.invokeDestroyMethods(InitDestroyAnnotationBeanPostProcessor.java:415)
	at org.springframework.beans.factory.annotation.InitDestroyAnnotationBeanPostProcessor.postProcessBeforeDestruction(InitDestroyAnnotationBeanPostProcessor.java:239)
	at org.springframework.beans.factory.support.DisposableBeanAdapter.destroy(DisposableBeanAdapter.java:202)
	at org.springframework.beans.factory.support.DisposableBeanAdapter.run(DisposableBeanAdapter.java:195)
	at org.springframework.cloud.context.scope.GenericScope$BeanLifecycleWrapper.destroy(GenericScope.java:387)
	at org.springframework.cloud.context.scope.GenericScope.destroy(GenericScope.java:134)
	at org.springframework.beans.factory.support.DisposableBeanAdapter.destroy(DisposableBeanAdapter.java:211)
	at org.springframework.beans.factory.support.DefaultSingletonBeanRegistry.destroyBean(DefaultSingletonBeanRegistry.java:798)
	at org.springframework.beans.factory.support.DefaultSingletonBeanRegistry.destroySingleton(DefaultSingletonBeanRegistry.java:748)
	at org.springframework.beans.factory.support.DefaultListableBeanFactory.destroySingleton(DefaultListableBeanFactory.java:1474)
	at org.springframework.beans.factory.support.DefaultSingletonBeanRegistry.destroySingletons(DefaultSingletonBeanRegistry.java:707)
	at org.springframework.beans.factory.support.DefaultListableBeanFactory.destroySingletons(DefaultListableBeanFactory.java:1467)
	at org.springframework.context.support.AbstractApplicationContext.destroyBeans(AbstractApplicationContext.java:1219)
	at org.springframework.context.support.AbstractApplicationContext.doClose(AbstractApplicationContext.java:1180)
	at org.springframework.boot.web.servlet.context.ServletWebServerApplicationContext.doClose(ServletWebServerApplicationContext.java:179)
	at org.springframework.context.support.AbstractApplicationContext.close(AbstractApplicationContext.java:1126)
	at org.springframework.boot.SpringApplicationShutdownHook.closeAndWait(SpringApplicationShutdownHook.java:147)
	at java.base/java.lang.Iterable.forEach(Iterable.java:75)
	at org.springframework.boot.SpringApplicationShutdownHook.run(SpringApplicationShutdownHook.java:116)
	at java.base/java.lang.Thread.run(Thread.java:1583)
2025-06-11 01:07:10.735  INFO com.netflix.discovery.DiscoveryClient    : Completed shut down of DiscoveryClient
