2025-06-11 00:03:08.720  INFO c.n.d.s.r.aws.ConfigClusterResolver      : Resolving eureka endpoints via configuration
2025-06-11 00:08:09.233  INFO c.n.d.s.r.aws.ConfigClusterResolver      : Resolving eureka endpoints via configuration
2025-06-11 00:13:09.349  INFO c.n.d.s.r.aws.ConfigClusterResolver      : Resolving eureka endpoints via configuration
2025-06-11 00:18:09.350  INFO c.n.d.s.r.aws.ConfigClusterResolver      : Resolving eureka endpoints via configuration
2025-06-11 00:23:09.453  INFO c.n.d.s.r.aws.ConfigClusterResolver      : Resolving eureka endpoints via configuration
2025-06-11 00:25:20.376  INFO c.p.o.service.OrderServiceImpl           : Fetching all orders and enriching with product names.
2025-06-11 00:25:20.405 DEBUG org.hibernate.SQL                        : 
    select
        o1_0.order_id,
        o1_0.customer_id,
        o1_0.order_date,
        o1_0.product_id,
        o1_0.quantity,
        o1_0.status 
    from
        orders o1_0
2025-06-11 00:25:20.606  INFO c.p.o.service.OrderServiceImpl           : Fetching all orders and enriching with product names.
2025-06-11 00:25:20.608 DEBUG org.hibernate.SQL                        : 
    select
        o1_0.order_id,
        o1_0.customer_id,
        o1_0.order_date,
        o1_0.product_id,
        o1_0.quantity,
        o1_0.status 
    from
        orders o1_0
2025-06-11 00:25:20.623  INFO c.p.o.service.OrderServiceImpl           : Attempting to get product price for order ID: 1
2025-06-11 00:25:20.627 DEBUG org.hibernate.SQL                        : 
    select
        o1_0.order_id,
        o1_0.customer_id,
        o1_0.order_date,
        o1_0.product_id,
        o1_0.quantity,
        o1_0.status 
    from
        orders o1_0 
    where
        o1_0.order_id=?
2025-06-11 00:25:20.870  INFO c.p.o.service.OrderServiceImpl           : Product price for order ID 1: 799.99
2025-06-11 00:25:20.895  INFO c.p.o.service.OrderServiceImpl           : Attempting to get product price for order ID: 1
2025-06-11 00:25:20.906 DEBUG org.hibernate.SQL                        : 
    select
        o1_0.order_id,
        o1_0.customer_id,
        o1_0.order_date,
        o1_0.product_id,
        o1_0.quantity,
        o1_0.status 
    from
        orders o1_0 
    where
        o1_0.order_id=?
2025-06-11 00:25:20.934  INFO c.p.o.service.OrderServiceImpl           : Attempting to calculate total price for order ID: 1
2025-06-11 00:25:20.938 DEBUG org.hibernate.SQL                        : 
    select
        o1_0.order_id,
        o1_0.customer_id,
        o1_0.order_date,
        o1_0.product_id,
        o1_0.quantity,
        o1_0.status 
    from
        orders o1_0 
    where
        o1_0.order_id=?
2025-06-11 00:25:21.029  INFO c.p.o.service.OrderServiceImpl           : Attempting to get product price for order ID: 1
2025-06-11 00:25:21.029  INFO c.p.o.service.OrderServiceImpl           : Attempting to get product price for order ID: 8
2025-06-11 00:25:21.057 DEBUG org.hibernate.SQL                        : 
    select
        o1_0.order_id,
        o1_0.customer_id,
        o1_0.order_date,
        o1_0.product_id,
        o1_0.quantity,
        o1_0.status 
    from
        orders o1_0 
    where
        o1_0.order_id=?
2025-06-11 00:25:21.660  INFO c.p.o.service.OrderServiceImpl           : Product price for order ID 1: 799.99
2025-06-11 00:25:21.660  INFO c.p.o.service.OrderServiceImpl           : Total price for order ID 1: 3999.95
2025-06-11 00:25:21.815  INFO c.p.o.service.OrderServiceImpl           : Product price for order ID 8: 1999.99
2025-06-11 00:25:21.852  INFO c.p.o.service.OrderServiceImpl           : Attempting to get product price for order ID: 8
2025-06-11 00:25:21.855  INFO c.p.o.service.OrderServiceImpl           : Attempting to calculate total price for order ID: 8
2025-06-11 00:25:21.857 DEBUG org.hibernate.SQL                        : 
    select
        o1_0.order_id,
        o1_0.customer_id,
        o1_0.order_date,
        o1_0.product_id,
        o1_0.quantity,
        o1_0.status 
    from
        orders o1_0 
    where
        o1_0.order_id=?
2025-06-11 00:25:21.859 DEBUG org.hibernate.SQL                        : 
    select
        o1_0.order_id,
        o1_0.customer_id,
        o1_0.order_date,
        o1_0.product_id,
        o1_0.quantity,
        o1_0.status 
    from
        orders o1_0 
    where
        o1_0.order_id=?
2025-06-11 00:25:21.863  INFO c.p.o.service.OrderServiceImpl           : Attempting to get product price for order ID: 8
2025-06-11 00:25:21.981  INFO c.p.o.service.OrderServiceImpl           : Product price for order ID 8: 1999.99
2025-06-11 00:25:22.005  INFO c.p.o.service.OrderServiceImpl           : Product price for order ID 8: 1999.99
2025-06-11 00:25:22.005  INFO c.p.o.service.OrderServiceImpl           : Total price for order ID 8: 23999.88
2025-06-11 00:25:22.028  INFO c.p.o.service.OrderServiceImpl           : Attempting to calculate total price for order ID: 8
2025-06-11 00:25:22.034 DEBUG org.hibernate.SQL                        : 
    select
        o1_0.order_id,
        o1_0.customer_id,
        o1_0.order_date,
        o1_0.product_id,
        o1_0.quantity,
        o1_0.status 
    from
        orders o1_0 
    where
        o1_0.order_id=?
2025-06-11 00:25:22.036  INFO c.p.o.service.OrderServiceImpl           : Attempting to get product price for order ID: 8
2025-06-11 00:25:22.156  INFO c.p.o.service.OrderServiceImpl           : Product price for order ID 1: 799.99
2025-06-11 00:25:22.263  INFO c.p.o.service.OrderServiceImpl           : Attempting to calculate total price for order ID: 1
2025-06-11 00:25:22.267 DEBUG org.hibernate.SQL                        : 
    select
        o1_0.order_id,
        o1_0.customer_id,
        o1_0.order_date,
        o1_0.product_id,
        o1_0.quantity,
        o1_0.status 
    from
        orders o1_0 
    where
        o1_0.order_id=?
2025-06-11 00:25:22.270  INFO c.p.o.service.OrderServiceImpl           : Attempting to get product price for order ID: 1
2025-06-11 00:25:22.283  INFO c.p.o.service.OrderServiceImpl           : Product price for order ID 8: 1999.99
2025-06-11 00:25:22.283  INFO c.p.o.service.OrderServiceImpl           : Total price for order ID 8: 23999.88
2025-06-11 00:25:22.416  INFO c.p.o.service.OrderServiceImpl           : Product price for order ID 1: 799.99
2025-06-11 00:25:22.417  INFO c.p.o.service.OrderServiceImpl           : Total price for order ID 1: 3999.95
2025-06-11 00:28:09.455  INFO c.n.d.s.r.aws.ConfigClusterResolver      : Resolving eureka endpoints via configuration
2025-06-11 00:28:57.286  INFO c.p.o.service.OrderServiceImpl           : Fetching all orders and enriching with product names.
2025-06-11 00:28:57.291 DEBUG org.hibernate.SQL                        : 
    select
        o1_0.order_id,
        o1_0.customer_id,
        o1_0.order_date,
        o1_0.product_id,
        o1_0.quantity,
        o1_0.status 
    from
        orders o1_0
2025-06-11 00:28:57.407  INFO c.p.o.service.OrderServiceImpl           : Attempting to get product price for order ID: 8
2025-06-11 00:28:57.407  INFO c.p.o.service.OrderServiceImpl           : Fetching all orders and enriching with product names.
2025-06-11 00:28:57.409 DEBUG org.hibernate.SQL                        : 
    select
        o1_0.order_id,
        o1_0.customer_id,
        o1_0.order_date,
        o1_0.product_id,
        o1_0.quantity,
        o1_0.status 
    from
        orders o1_0 
    where
        o1_0.order_id=?
2025-06-11 00:28:57.410 DEBUG org.hibernate.SQL                        : 
    select
        o1_0.order_id,
        o1_0.customer_id,
        o1_0.order_date,
        o1_0.product_id,
        o1_0.quantity,
        o1_0.status 
    from
        orders o1_0
2025-06-11 00:28:57.416  INFO c.p.o.service.OrderServiceImpl           : Attempting to get product price for order ID: 1
2025-06-11 00:28:57.453 DEBUG org.hibernate.SQL                        : 
    select
        o1_0.order_id,
        o1_0.customer_id,
        o1_0.order_date,
        o1_0.product_id,
        o1_0.quantity,
        o1_0.status 
    from
        orders o1_0 
    where
        o1_0.order_id=?
2025-06-11 00:28:57.514  INFO c.p.o.service.OrderServiceImpl           : Product price for order ID 8: 1999.99
2025-06-11 00:28:57.554  INFO c.p.o.service.OrderServiceImpl           : Attempting to calculate total price for order ID: 8
2025-06-11 00:28:57.556 DEBUG org.hibernate.SQL                        : 
    select
        o1_0.order_id,
        o1_0.customer_id,
        o1_0.order_date,
        o1_0.product_id,
        o1_0.quantity,
        o1_0.status 
    from
        orders o1_0 
    where
        o1_0.order_id=?
2025-06-11 00:28:57.560  INFO c.p.o.service.OrderServiceImpl           : Attempting to get product price for order ID: 8
2025-06-11 00:28:57.571  INFO c.p.o.service.OrderServiceImpl           : Product price for order ID 1: 799.99
2025-06-11 00:28:57.587  INFO c.p.o.service.OrderServiceImpl           : Attempting to get product price for order ID: 1
2025-06-11 00:28:57.688  INFO c.p.o.service.OrderServiceImpl           : Product price for order ID 8: 1999.99
2025-06-11 00:28:57.688  INFO c.p.o.service.OrderServiceImpl           : Total price for order ID 8: 23999.88
2025-06-11 00:28:57.694  INFO c.p.o.service.OrderServiceImpl           : Attempting to get product price for order ID: 8
2025-06-11 00:28:57.688 DEBUG org.hibernate.SQL                        : 
    select
        o1_0.order_id,
        o1_0.customer_id,
        o1_0.order_date,
        o1_0.product_id,
        o1_0.quantity,
        o1_0.status 
    from
        orders o1_0 
    where
        o1_0.order_id=?
2025-06-11 00:28:57.698  INFO c.p.o.service.OrderServiceImpl           : Attempting to calculate total price for order ID: 1
2025-06-11 00:28:57.703 DEBUG org.hibernate.SQL                        : 
    select
        o1_0.order_id,
        o1_0.customer_id,
        o1_0.order_date,
        o1_0.product_id,
        o1_0.quantity,
        o1_0.status 
    from
        orders o1_0 
    where
        o1_0.order_id=?
2025-06-11 00:28:57.707  INFO c.p.o.service.OrderServiceImpl           : Attempting to get product price for order ID: 1
2025-06-11 00:28:57.696 DEBUG org.hibernate.SQL                        : 
    select
        o1_0.order_id,
        o1_0.customer_id,
        o1_0.order_date,
        o1_0.product_id,
        o1_0.quantity,
        o1_0.status 
    from
        orders o1_0 
    where
        o1_0.order_id=?
2025-06-11 00:28:57.721  INFO c.p.o.service.OrderServiceImpl           : Product price for order ID 1: 799.99
2025-06-11 00:28:57.728  INFO c.p.o.service.OrderServiceImpl           : Product price for order ID 1: 799.99
2025-06-11 00:28:57.729  INFO c.p.o.service.OrderServiceImpl           : Total price for order ID 1: 3999.95
2025-06-11 00:28:57.761  INFO c.p.o.service.OrderServiceImpl           : Attempting to calculate total price for order ID: 1
2025-06-11 00:28:57.777 DEBUG org.hibernate.SQL                        : 
    select
        o1_0.order_id,
        o1_0.customer_id,
        o1_0.order_date,
        o1_0.product_id,
        o1_0.quantity,
        o1_0.status 
    from
        orders o1_0 
    where
        o1_0.order_id=?
2025-06-11 00:28:57.837  INFO c.p.o.service.OrderServiceImpl           : Attempting to get product price for order ID: 1
2025-06-11 00:28:57.872  INFO c.p.o.service.OrderServiceImpl           : Product price for order ID 1: 799.99
2025-06-11 00:28:57.872  INFO c.p.o.service.OrderServiceImpl           : Total price for order ID 1: 3999.95
2025-06-11 00:28:57.893  INFO c.p.o.service.OrderServiceImpl           : Product price for order ID 8: 1999.99
2025-06-11 00:28:57.997  INFO c.p.o.service.OrderServiceImpl           : Attempting to calculate total price for order ID: 8
2025-06-11 00:28:57.997 DEBUG org.hibernate.SQL                        : 
    select
        o1_0.order_id,
        o1_0.customer_id,
        o1_0.order_date,
        o1_0.product_id,
        o1_0.quantity,
        o1_0.status 
    from
        orders o1_0 
    where
        o1_0.order_id=?
2025-06-11 00:28:58.016  INFO c.p.o.service.OrderServiceImpl           : Attempting to get product price for order ID: 8
2025-06-11 00:28:58.035  INFO c.p.o.service.OrderServiceImpl           : Product price for order ID 8: 1999.99
2025-06-11 00:28:58.035  INFO c.p.o.service.OrderServiceImpl           : Total price for order ID 8: 23999.88
2025-06-11 00:33:09.471  INFO c.n.d.s.r.aws.ConfigClusterResolver      : Resolving eureka endpoints via configuration
2025-06-11 00:38:09.484  INFO c.n.d.s.r.aws.ConfigClusterResolver      : Resolving eureka endpoints via configuration
2025-06-11 00:38:31.886  INFO c.p.o.service.OrderServiceImpl           : Summing quantity for product ID 5 between 2025-01-01 and 2025-01-03
2025-06-11 00:38:31.901 DEBUG org.hibernate.SQL                        : 
    select
        sum(o1_0.quantity) 
    from
        orders o1_0 
    where
        o1_0.product_id=? 
        and o1_0.order_date between ? and ?
2025-06-11 00:38:31.908  INFO c.p.o.service.OrderServiceImpl           : No orders found for product ID 5 between 2025-01-01 and 2025-01-03.
2025-06-11 00:38:31.908  INFO c.p.o.service.OrderServiceImpl           : Summing quantity for product ID 7 between 2025-01-01 and 2025-01-03
2025-06-11 00:38:31.908 DEBUG org.hibernate.SQL                        : 
    select
        sum(o1_0.quantity) 
    from
        orders o1_0 
    where
        o1_0.product_id=? 
        and o1_0.order_date between ? and ?
2025-06-11 00:38:31.918  INFO c.p.o.service.OrderServiceImpl           : No orders found for product ID 7 between 2025-01-01 and 2025-01-03.
2025-06-11 00:38:57.455  INFO c.p.o.service.OrderServiceImpl           : Summing quantity for product ID 5 between 2025-01-01 and 2025-12-31
2025-06-11 00:38:57.455 DEBUG org.hibernate.SQL                        : 
    select
        sum(o1_0.quantity) 
    from
        orders o1_0 
    where
        o1_0.product_id=? 
        and o1_0.order_date between ? and ?
2025-06-11 00:38:57.463  INFO c.p.o.service.OrderServiceImpl           : Total quantity for product ID 5 between 2025-01-01 and 2025-12-31: 12
2025-06-11 00:38:57.468  INFO c.p.o.service.OrderServiceImpl           : Summing quantity for product ID 7 between 2025-01-01 and 2025-12-31
2025-06-11 00:38:57.468 DEBUG org.hibernate.SQL                        : 
    select
        sum(o1_0.quantity) 
    from
        orders o1_0 
    where
        o1_0.product_id=? 
        and o1_0.order_date between ? and ?
2025-06-11 00:38:57.468  INFO c.p.o.service.OrderServiceImpl           : Total quantity for product ID 7 between 2025-01-01 and 2025-12-31: 5
2025-06-11 00:43:09.488  INFO c.n.d.s.r.aws.ConfigClusterResolver      : Resolving eureka endpoints via configuration
2025-06-11 00:45:20.895  INFO c.p.o.service.OrderServiceImpl           : Fetching all orders and enriching with product names.
2025-06-11 00:45:20.895 DEBUG org.hibernate.SQL                        : 
    select
        o1_0.order_id,
        o1_0.customer_id,
        o1_0.order_date,
        o1_0.product_id,
        o1_0.quantity,
        o1_0.status 
    from
        orders o1_0
2025-06-11 00:45:20.960  INFO c.p.o.service.OrderServiceImpl           : Fetching all orders and enriching with product names.
2025-06-11 00:45:20.960 DEBUG org.hibernate.SQL                        : 
    select
        o1_0.order_id,
        o1_0.customer_id,
        o1_0.order_date,
        o1_0.product_id,
        o1_0.quantity,
        o1_0.status 
    from
        orders o1_0
2025-06-11 00:45:20.971  INFO c.p.o.service.OrderServiceImpl           : Attempting to get product price for order ID: 1
2025-06-11 00:45:20.971  INFO c.p.o.service.OrderServiceImpl           : Attempting to get product price for order ID: 8
2025-06-11 00:45:20.971 DEBUG org.hibernate.SQL                        : 
    select
        o1_0.order_id,
        o1_0.customer_id,
        o1_0.order_date,
        o1_0.product_id,
        o1_0.quantity,
        o1_0.status 
    from
        orders o1_0 
    where
        o1_0.order_id=?
2025-06-11 00:45:20.971 DEBUG org.hibernate.SQL                        : 
    select
        o1_0.order_id,
        o1_0.customer_id,
        o1_0.order_date,
        o1_0.product_id,
        o1_0.quantity,
        o1_0.status 
    from
        orders o1_0 
    where
        o1_0.order_id=?
2025-06-11 00:45:21.003  INFO c.p.o.service.OrderServiceImpl           : Product price for order ID 8: 1999.99
2025-06-11 00:45:21.018  INFO c.p.o.service.OrderServiceImpl           : Product price for order ID 1: 799.99
2025-06-11 00:45:21.018  INFO c.p.o.service.OrderServiceImpl           : Attempting to get product price for order ID: 8
2025-06-11 00:45:21.018  INFO c.p.o.service.OrderServiceImpl           : Attempting to calculate total price for order ID: 8
2025-06-11 00:45:21.018 DEBUG org.hibernate.SQL                        : 
    select
        o1_0.order_id,
        o1_0.customer_id,
        o1_0.order_date,
        o1_0.product_id,
        o1_0.quantity,
        o1_0.status 
    from
        orders o1_0 
    where
        o1_0.order_id=?
2025-06-11 00:45:21.018 DEBUG org.hibernate.SQL                        : 
    select
        o1_0.order_id,
        o1_0.customer_id,
        o1_0.order_date,
        o1_0.product_id,
        o1_0.quantity,
        o1_0.status 
    from
        orders o1_0 
    where
        o1_0.order_id=?
2025-06-11 00:45:21.018  INFO c.p.o.service.OrderServiceImpl           : Attempting to get product price for order ID: 8
2025-06-11 00:45:21.018  INFO c.p.o.service.OrderServiceImpl           : Attempting to get product price for order ID: 1
2025-06-11 00:45:21.018 DEBUG org.hibernate.SQL                        : 
    select
        o1_0.order_id,
        o1_0.customer_id,
        o1_0.order_date,
        o1_0.product_id,
        o1_0.quantity,
        o1_0.status 
    from
        orders o1_0 
    where
        o1_0.order_id=?
2025-06-11 00:45:21.034  INFO c.p.o.service.OrderServiceImpl           : Product price for order ID 8: 1999.99
2025-06-11 00:45:21.034  INFO c.p.o.service.OrderServiceImpl           : Product price for order ID 8: 1999.99
2025-06-11 00:45:21.034  INFO c.p.o.service.OrderServiceImpl           : Total price for order ID 8: 23999.88
2025-06-11 00:45:21.050  INFO c.p.o.service.OrderServiceImpl           : Attempting to calculate total price for order ID: 1
2025-06-11 00:45:21.055 DEBUG org.hibernate.SQL                        : 
    select
        o1_0.order_id,
        o1_0.customer_id,
        o1_0.order_date,
        o1_0.product_id,
        o1_0.quantity,
        o1_0.status 
    from
        orders o1_0 
    where
        o1_0.order_id=?
2025-06-11 00:45:21.058  INFO c.p.o.service.OrderServiceImpl           : Product price for order ID 1: 799.99
2025-06-11 00:45:21.058  INFO c.p.o.service.OrderServiceImpl           : Attempting to get product price for order ID: 1
2025-06-11 00:45:21.063  INFO c.p.o.service.OrderServiceImpl           : Attempting to calculate total price for order ID: 8
2025-06-11 00:45:21.066 DEBUG org.hibernate.SQL                        : 
    select
        o1_0.order_id,
        o1_0.customer_id,
        o1_0.order_date,
        o1_0.product_id,
        o1_0.quantity,
        o1_0.status 
    from
        orders o1_0 
    where
        o1_0.order_id=?
2025-06-11 00:45:21.071  INFO c.p.o.service.OrderServiceImpl           : Attempting to get product price for order ID: 8
2025-06-11 00:45:21.082  INFO c.p.o.service.OrderServiceImpl           : Product price for order ID 1: 799.99
2025-06-11 00:45:21.082  INFO c.p.o.service.OrderServiceImpl           : Total price for order ID 1: 3999.95
2025-06-11 00:45:21.089  INFO c.p.o.service.OrderServiceImpl           : Product price for order ID 8: 1999.99
2025-06-11 00:45:21.089  INFO c.p.o.service.OrderServiceImpl           : Total price for order ID 8: 23999.88
2025-06-11 00:45:21.097  INFO c.p.o.service.OrderServiceImpl           : Attempting to calculate total price for order ID: 1
2025-06-11 00:45:21.099 DEBUG org.hibernate.SQL                        : 
    select
        o1_0.order_id,
        o1_0.customer_id,
        o1_0.order_date,
        o1_0.product_id,
        o1_0.quantity,
        o1_0.status 
    from
        orders o1_0 
    where
        o1_0.order_id=?
2025-06-11 00:45:21.099  INFO c.p.o.service.OrderServiceImpl           : Attempting to get product price for order ID: 1
2025-06-11 00:45:21.115  INFO c.p.o.service.OrderServiceImpl           : Product price for order ID 1: 799.99
2025-06-11 00:45:21.115  INFO c.p.o.service.OrderServiceImpl           : Total price for order ID 1: 3999.95
2025-06-11 00:48:09.500  INFO c.n.d.s.r.aws.ConfigClusterResolver      : Resolving eureka endpoints via configuration
2025-06-11 00:53:09.520  INFO c.n.d.s.r.aws.ConfigClusterResolver      : Resolving eureka endpoints via configuration
2025-06-11 00:54:46.463  INFO c.p.o.service.OrderServiceImpl           : Fetching all orders and enriching with product names.
2025-06-11 00:54:46.465 DEBUG org.hibernate.SQL                        : 
    select
        o1_0.order_id,
        o1_0.customer_id,
        o1_0.order_date,
        o1_0.product_id,
        o1_0.quantity,
        o1_0.status 
    from
        orders o1_0
2025-06-11 00:54:46.500  INFO c.p.o.service.OrderServiceImpl           : Fetching all orders and enriching with product names.
2025-06-11 00:54:46.501 DEBUG org.hibernate.SQL                        : 
    select
        o1_0.order_id,
        o1_0.customer_id,
        o1_0.order_date,
        o1_0.product_id,
        o1_0.quantity,
        o1_0.status 
    from
        orders o1_0
2025-06-11 00:54:46.507  INFO c.p.o.service.OrderServiceImpl           : Attempting to get product price for order ID: 8
2025-06-11 00:54:46.507  INFO c.p.o.service.OrderServiceImpl           : Attempting to get product price for order ID: 1
2025-06-11 00:54:46.508 DEBUG org.hibernate.SQL                        : 
    select
        o1_0.order_id,
        o1_0.customer_id,
        o1_0.order_date,
        o1_0.product_id,
        o1_0.quantity,
        o1_0.status 
    from
        orders o1_0 
    where
        o1_0.order_id=?
2025-06-11 00:54:46.508 DEBUG org.hibernate.SQL                        : 
    select
        o1_0.order_id,
        o1_0.customer_id,
        o1_0.order_date,
        o1_0.product_id,
        o1_0.quantity,
        o1_0.status 
    from
        orders o1_0 
    where
        o1_0.order_id=?
2025-06-11 00:54:46.520  INFO c.p.o.service.OrderServiceImpl           : Product price for order ID 1: 799.99
2025-06-11 00:54:46.522  INFO c.p.o.service.OrderServiceImpl           : Product price for order ID 8: 1999.99
2025-06-11 00:54:46.531  INFO c.p.o.service.OrderServiceImpl           : Attempting to calculate total price for order ID: 1
2025-06-11 00:54:46.533 DEBUG org.hibernate.SQL                        : 
    select
        o1_0.order_id,
        o1_0.customer_id,
        o1_0.order_date,
        o1_0.product_id,
        o1_0.quantity,
        o1_0.status 
    from
        orders o1_0 
    where
        o1_0.order_id=?
2025-06-11 00:54:46.535  INFO c.p.o.service.OrderServiceImpl           : Attempting to calculate total price for order ID: 8
2025-06-11 00:54:46.536  INFO c.p.o.service.OrderServiceImpl           : Attempting to get product price for order ID: 1
2025-06-11 00:54:46.537 DEBUG org.hibernate.SQL                        : 
    select
        o1_0.order_id,
        o1_0.customer_id,
        o1_0.order_date,
        o1_0.product_id,
        o1_0.quantity,
        o1_0.status 
    from
        orders o1_0 
    where
        o1_0.order_id=?
2025-06-11 00:54:46.540  INFO c.p.o.service.OrderServiceImpl           : Attempting to get product price for order ID: 8
2025-06-11 00:54:46.543  INFO c.p.o.service.OrderServiceImpl           : Attempting to get product price for order ID: 1
2025-06-11 00:54:46.544 DEBUG org.hibernate.SQL                        : 
    select
        o1_0.order_id,
        o1_0.customer_id,
        o1_0.order_date,
        o1_0.product_id,
        o1_0.quantity,
        o1_0.status 
    from
        orders o1_0 
    where
        o1_0.order_id=?
2025-06-11 00:54:46.547  INFO c.p.o.service.OrderServiceImpl           : Attempting to get product price for order ID: 8
2025-06-11 00:54:46.550 DEBUG org.hibernate.SQL                        : 
    select
        o1_0.order_id,
        o1_0.customer_id,
        o1_0.order_date,
        o1_0.product_id,
        o1_0.quantity,
        o1_0.status 
    from
        orders o1_0 
    where
        o1_0.order_id=?
2025-06-11 00:54:46.551  INFO c.p.o.service.OrderServiceImpl           : Product price for order ID 1: 799.99
2025-06-11 00:54:46.551  INFO c.p.o.service.OrderServiceImpl           : Total price for order ID 1: 3999.95
2025-06-11 00:54:46.562  INFO c.p.o.service.OrderServiceImpl           : Product price for order ID 8: 1999.99
2025-06-11 00:54:46.562  INFO c.p.o.service.OrderServiceImpl           : Total price for order ID 8: 23999.88
2025-06-11 00:54:46.563  INFO c.p.o.service.OrderServiceImpl           : Product price for order ID 1: 799.99
2025-06-11 00:54:46.574  INFO c.p.o.service.OrderServiceImpl           : Attempting to calculate total price for order ID: 1
2025-06-11 00:54:46.575  INFO c.p.o.service.OrderServiceImpl           : Product price for order ID 8: 1999.99
2025-06-11 00:54:46.575 DEBUG org.hibernate.SQL                        : 
    select
        o1_0.order_id,
        o1_0.customer_id,
        o1_0.order_date,
        o1_0.product_id,
        o1_0.quantity,
        o1_0.status 
    from
        orders o1_0 
    where
        o1_0.order_id=?
2025-06-11 00:54:46.579  INFO c.p.o.service.OrderServiceImpl           : Attempting to get product price for order ID: 1
2025-06-11 00:54:46.586  INFO c.p.o.service.OrderServiceImpl           : Attempting to calculate total price for order ID: 8
2025-06-11 00:54:46.589 DEBUG org.hibernate.SQL                        : 
    select
        o1_0.order_id,
        o1_0.customer_id,
        o1_0.order_date,
        o1_0.product_id,
        o1_0.quantity,
        o1_0.status 
    from
        orders o1_0 
    where
        o1_0.order_id=?
2025-06-11 00:54:46.592  INFO c.p.o.service.OrderServiceImpl           : Attempting to get product price for order ID: 8
2025-06-11 00:54:46.597  INFO c.p.o.service.OrderServiceImpl           : Product price for order ID 1: 799.99
2025-06-11 00:54:46.597  INFO c.p.o.service.OrderServiceImpl           : Total price for order ID 1: 3999.95
2025-06-11 00:54:46.605  INFO c.p.o.service.OrderServiceImpl           : Product price for order ID 8: 1999.99
2025-06-11 00:54:46.605  INFO c.p.o.service.OrderServiceImpl           : Total price for order ID 8: 23999.88
2025-06-11 00:55:11.750  INFO c.p.o.service.OrderServiceImpl           : Fetching orders between 2025-01-01 and 2025-12-31
2025-06-11 00:55:11.780 DEBUG org.hibernate.SQL                        : 
    select
        o1_0.order_id,
        o1_0.customer_id,
        o1_0.order_date,
        o1_0.product_id,
        o1_0.quantity,
        o1_0.status 
    from
        orders o1_0 
    where
        o1_0.order_date between ? and ?
2025-06-11 00:55:11.783  INFO c.p.o.service.OrderServiceImpl           : Found 2 orders between 2025-01-01 and 2025-12-31.
2025-06-11 00:55:20.363  INFO c.p.o.service.OrderServiceImpl           : Fetching orders between 2025-01-01 and 2025-12-31
2025-06-11 00:55:20.365 DEBUG org.hibernate.SQL                        : 
    select
        o1_0.order_id,
        o1_0.customer_id,
        o1_0.order_date,
        o1_0.product_id,
        o1_0.quantity,
        o1_0.status 
    from
        orders o1_0 
    where
        o1_0.order_date between ? and ?
2025-06-11 00:55:20.367  INFO c.p.o.service.OrderServiceImpl           : Found 2 orders between 2025-01-01 and 2025-12-31.
2025-06-11 00:55:27.432  INFO c.p.o.service.OrderServiceImpl           : Fetching orders between 2025-01-01 and 2025-12-31
2025-06-11 00:55:27.436 DEBUG org.hibernate.SQL                        : 
    select
        o1_0.order_id,
        o1_0.customer_id,
        o1_0.order_date,
        o1_0.product_id,
        o1_0.quantity,
        o1_0.status 
    from
        orders o1_0 
    where
        o1_0.order_date between ? and ?
2025-06-11 00:55:27.438  INFO c.p.o.service.OrderServiceImpl           : Found 2 orders between 2025-01-01 and 2025-12-31.
2025-06-11 00:55:33.438  INFO c.p.o.service.OrderServiceImpl           : Fetching orders between 2025-01-01 and 2025-12-31
2025-06-11 00:55:33.439 DEBUG org.hibernate.SQL                        : 
    select
        o1_0.order_id,
        o1_0.customer_id,
        o1_0.order_date,
        o1_0.product_id,
        o1_0.quantity,
        o1_0.status 
    from
        orders o1_0 
    where
        o1_0.order_date between ? and ?
2025-06-11 00:55:33.442  INFO c.p.o.service.OrderServiceImpl           : Found 2 orders between 2025-01-01 and 2025-12-31.
2025-06-11 00:55:38.490  INFO c.p.o.service.OrderServiceImpl           : Fetching orders between 2025-01-01 and 2025-12-31
2025-06-11 00:55:38.492 DEBUG org.hibernate.SQL                        : 
    select
        o1_0.order_id,
        o1_0.customer_id,
        o1_0.order_date,
        o1_0.product_id,
        o1_0.quantity,
        o1_0.status 
    from
        orders o1_0 
    where
        o1_0.order_date between ? and ?
2025-06-11 00:55:38.493  INFO c.p.o.service.OrderServiceImpl           : Found 2 orders between 2025-01-01 and 2025-12-31.
2025-06-11 00:55:48.986  INFO c.p.o.service.OrderServiceImpl           : Fetching orders between 2025-01-01 and 2025-12-31
2025-06-11 00:55:48.987 DEBUG org.hibernate.SQL                        : 
    select
        o1_0.order_id,
        o1_0.customer_id,
        o1_0.order_date,
        o1_0.product_id,
        o1_0.quantity,
        o1_0.status 
    from
        orders o1_0 
    where
        o1_0.order_date between ? and ?
2025-06-11 00:55:48.989  INFO c.p.o.service.OrderServiceImpl           : Found 2 orders between 2025-01-01 and 2025-12-31.
2025-06-11 00:57:01.508  INFO c.p.o.service.OrderServiceImpl           : Fetching orders between 2025-01-01 and 2025-12-31
2025-06-11 00:57:01.509 DEBUG org.hibernate.SQL                        : 
    select
        o1_0.order_id,
        o1_0.customer_id,
        o1_0.order_date,
        o1_0.product_id,
        o1_0.quantity,
        o1_0.status 
    from
        orders o1_0 
    where
        o1_0.order_date between ? and ?
2025-06-11 00:57:01.510  INFO c.p.o.service.OrderServiceImpl           : Found 2 orders between 2025-01-01 and 2025-12-31.
2025-06-11 00:57:01.577  INFO c.p.o.service.OrderServiceImpl           : Fetching orders between 2025-01-01 and 2025-12-31
2025-06-11 00:57:01.582 DEBUG org.hibernate.SQL                        : 
    select
        o1_0.order_id,
        o1_0.customer_id,
        o1_0.order_date,
        o1_0.product_id,
        o1_0.quantity,
        o1_0.status 
    from
        orders o1_0 
    where
        o1_0.order_date between ? and ?
2025-06-11 00:57:01.585  INFO c.p.o.service.OrderServiceImpl           : Found 2 orders between 2025-01-01 and 2025-12-31.
2025-06-11 00:57:01.620  INFO c.p.o.service.OrderServiceImpl           : Fetching orders between 2025-01-01 and 2025-12-31
2025-06-11 00:57:01.621 DEBUG org.hibernate.SQL                        : 
    select
        o1_0.order_id,
        o1_0.customer_id,
        o1_0.order_date,
        o1_0.product_id,
        o1_0.quantity,
        o1_0.status 
    from
        orders o1_0 
    where
        o1_0.order_date between ? and ?
2025-06-11 00:57:01.623  INFO c.p.o.service.OrderServiceImpl           : Found 2 orders between 2025-01-01 and 2025-12-31.
2025-06-11 00:58:09.539  INFO c.n.d.s.r.aws.ConfigClusterResolver      : Resolving eureka endpoints via configuration
2025-06-11 01:01:21.329  INFO c.p.o.service.OrderServiceImpl           : Fetching all orders and enriching with product names.
2025-06-11 01:01:21.331 DEBUG org.hibernate.SQL                        : 
    select
        o1_0.order_id,
        o1_0.customer_id,
        o1_0.order_date,
        o1_0.product_id,
        o1_0.quantity,
        o1_0.status 
    from
        orders o1_0
2025-06-11 01:01:21.374  INFO c.p.o.service.OrderServiceImpl           : Fetching all orders and enriching with product names.
2025-06-11 01:01:21.380  INFO c.p.o.service.OrderServiceImpl           : Attempting to get product price for order ID: 8
2025-06-11 01:01:21.381  INFO c.p.o.service.OrderServiceImpl           : Attempting to get product price for order ID: 1
2025-06-11 01:01:21.382 DEBUG org.hibernate.SQL                        : 
    select
        o1_0.order_id,
        o1_0.customer_id,
        o1_0.order_date,
        o1_0.product_id,
        o1_0.quantity,
        o1_0.status 
    from
        orders o1_0 
    where
        o1_0.order_id=?
2025-06-11 01:01:21.383 DEBUG org.hibernate.SQL                        : 
    select
        o1_0.order_id,
        o1_0.customer_id,
        o1_0.order_date,
        o1_0.product_id,
        o1_0.quantity,
        o1_0.status 
    from
        orders o1_0
2025-06-11 01:01:21.383 DEBUG org.hibernate.SQL                        : 
    select
        o1_0.order_id,
        o1_0.customer_id,
        o1_0.order_date,
        o1_0.product_id,
        o1_0.quantity,
        o1_0.status 
    from
        orders o1_0 
    where
        o1_0.order_id=?
2025-06-11 01:01:21.398  INFO c.p.o.service.OrderServiceImpl           : Product price for order ID 1: 799.99
2025-06-11 01:01:21.406  INFO c.p.o.service.OrderServiceImpl           : Product price for order ID 8: 1999.99
2025-06-11 01:01:21.412  INFO c.p.o.service.OrderServiceImpl           : Attempting to calculate total price for order ID: 1
2025-06-11 01:01:21.414 DEBUG org.hibernate.SQL                        : 
    select
        o1_0.order_id,
        o1_0.customer_id,
        o1_0.order_date,
        o1_0.product_id,
        o1_0.quantity,
        o1_0.status 
    from
        orders o1_0 
    where
        o1_0.order_id=?
2025-06-11 01:01:21.418  INFO c.p.o.service.OrderServiceImpl           : Attempting to calculate total price for order ID: 8
2025-06-11 01:01:21.418  INFO c.p.o.service.OrderServiceImpl           : Attempting to get product price for order ID: 1
2025-06-11 01:01:21.420 DEBUG org.hibernate.SQL                        : 
    select
        o1_0.order_id,
        o1_0.customer_id,
        o1_0.order_date,
        o1_0.product_id,
        o1_0.quantity,
        o1_0.status 
    from
        orders o1_0 
    where
        o1_0.order_id=?
2025-06-11 01:01:21.424  INFO c.p.o.service.OrderServiceImpl           : Attempting to get product price for order ID: 8
2025-06-11 01:01:21.435  INFO c.p.o.service.OrderServiceImpl           : Product price for order ID 1: 799.99
2025-06-11 01:01:21.435  INFO c.p.o.service.OrderServiceImpl           : Total price for order ID 1: 3999.95
2025-06-11 01:01:21.439  INFO c.p.o.service.OrderServiceImpl           : Attempting to get product price for order ID: 1
2025-06-11 01:01:21.444  INFO c.p.o.service.OrderServiceImpl           : Attempting to get product price for order ID: 8
2025-06-11 01:01:21.445 DEBUG org.hibernate.SQL                        : 
    select
        o1_0.order_id,
        o1_0.customer_id,
        o1_0.order_date,
        o1_0.product_id,
        o1_0.quantity,
        o1_0.status 
    from
        orders o1_0 
    where
        o1_0.order_id=?
2025-06-11 01:01:21.446 DEBUG org.hibernate.SQL                        : 
    select
        o1_0.order_id,
        o1_0.customer_id,
        o1_0.order_date,
        o1_0.product_id,
        o1_0.quantity,
        o1_0.status 
    from
        orders o1_0 
    where
        o1_0.order_id=?
2025-06-11 01:01:21.452  INFO c.p.o.service.OrderServiceImpl           : Product price for order ID 8: 1999.99
2025-06-11 01:01:21.453  INFO c.p.o.service.OrderServiceImpl           : Total price for order ID 8: 23999.88
2025-06-11 01:01:21.467  INFO c.p.o.service.OrderServiceImpl           : Product price for order ID 8: 1999.99
2025-06-11 01:01:21.473  INFO c.p.o.service.OrderServiceImpl           : Product price for order ID 1: 799.99
2025-06-11 01:01:21.482  INFO c.p.o.service.OrderServiceImpl           : Attempting to calculate total price for order ID: 8
2025-06-11 01:01:21.484 DEBUG org.hibernate.SQL                        : 
    select
        o1_0.order_id,
        o1_0.customer_id,
        o1_0.order_date,
        o1_0.product_id,
        o1_0.quantity,
        o1_0.status 
    from
        orders o1_0 
    where
        o1_0.order_id=?
2025-06-11 01:01:21.485  INFO c.p.o.service.OrderServiceImpl           : Attempting to calculate total price for order ID: 1
2025-06-11 01:01:21.486  INFO c.p.o.service.OrderServiceImpl           : Attempting to get product price for order ID: 8
2025-06-11 01:01:21.486 DEBUG org.hibernate.SQL                        : 
    select
        o1_0.order_id,
        o1_0.customer_id,
        o1_0.order_date,
        o1_0.product_id,
        o1_0.quantity,
        o1_0.status 
    from
        orders o1_0 
    where
        o1_0.order_id=?
2025-06-11 01:01:21.488  INFO c.p.o.service.OrderServiceImpl           : Attempting to get product price for order ID: 1
2025-06-11 01:01:21.503  INFO c.p.o.service.OrderServiceImpl           : Product price for order ID 8: 1999.99
2025-06-11 01:01:21.504  INFO c.p.o.service.OrderServiceImpl           : Total price for order ID 8: 23999.88
2025-06-11 01:01:21.504  INFO c.p.o.service.OrderServiceImpl           : Product price for order ID 1: 799.99
2025-06-11 01:01:21.504  INFO c.p.o.service.OrderServiceImpl           : Total price for order ID 1: 3999.95
2025-06-11 01:01:35.015  INFO c.p.o.service.OrderServiceImpl           : Fetching all orders and enriching with product names.
2025-06-11 01:01:35.017 DEBUG org.hibernate.SQL                        : 
    select
        o1_0.order_id,
        o1_0.customer_id,
        o1_0.order_date,
        o1_0.product_id,
        o1_0.quantity,
        o1_0.status 
    from
        orders o1_0
2025-06-11 01:01:35.053  INFO c.p.o.service.OrderServiceImpl           : Fetching all orders and enriching with product names.
2025-06-11 01:01:35.058 DEBUG org.hibernate.SQL                        : 
    select
        o1_0.order_id,
        o1_0.customer_id,
        o1_0.order_date,
        o1_0.product_id,
        o1_0.quantity,
        o1_0.status 
    from
        orders o1_0
2025-06-11 01:01:35.058  INFO c.p.o.service.OrderServiceImpl           : Attempting to get product price for order ID: 1
2025-06-11 01:01:35.059  INFO c.p.o.service.OrderServiceImpl           : Attempting to get product price for order ID: 8
2025-06-11 01:01:35.060 DEBUG org.hibernate.SQL                        : 
    select
        o1_0.order_id,
        o1_0.customer_id,
        o1_0.order_date,
        o1_0.product_id,
        o1_0.quantity,
        o1_0.status 
    from
        orders o1_0 
    where
        o1_0.order_id=?
2025-06-11 01:01:35.061 DEBUG org.hibernate.SQL                        : 
    select
        o1_0.order_id,
        o1_0.customer_id,
        o1_0.order_date,
        o1_0.product_id,
        o1_0.quantity,
        o1_0.status 
    from
        orders o1_0 
    where
        o1_0.order_id=?
2025-06-11 01:01:35.086  INFO c.p.o.service.OrderServiceImpl           : Product price for order ID 8: 1999.99
2025-06-11 01:01:35.086  INFO c.p.o.service.OrderServiceImpl           : Product price for order ID 1: 799.99
2025-06-11 01:01:35.101  INFO c.p.o.service.OrderServiceImpl           : Attempting to calculate total price for order ID: 8
2025-06-11 01:01:35.102  INFO c.p.o.service.OrderServiceImpl           : Attempting to calculate total price for order ID: 1
2025-06-11 01:01:35.105 DEBUG org.hibernate.SQL                        : 
    select
        o1_0.order_id,
        o1_0.customer_id,
        o1_0.order_date,
        o1_0.product_id,
        o1_0.quantity,
        o1_0.status 
    from
        orders o1_0 
    where
        o1_0.order_id=?
2025-06-11 01:01:35.105 DEBUG org.hibernate.SQL                        : 
    select
        o1_0.order_id,
        o1_0.customer_id,
        o1_0.order_date,
        o1_0.product_id,
        o1_0.quantity,
        o1_0.status 
    from
        orders o1_0 
    where
        o1_0.order_id=?
2025-06-11 01:01:35.109  INFO c.p.o.service.OrderServiceImpl           : Attempting to get product price for order ID: 1
2025-06-11 01:01:35.109  INFO c.p.o.service.OrderServiceImpl           : Attempting to get product price for order ID: 8
2025-06-11 01:01:35.111  INFO c.p.o.service.OrderServiceImpl           : Attempting to get product price for order ID: 8
2025-06-11 01:01:35.113  INFO c.p.o.service.OrderServiceImpl           : Attempting to get product price for order ID: 1
2025-06-11 01:01:35.115 DEBUG org.hibernate.SQL                        : 
    select
        o1_0.order_id,
        o1_0.customer_id,
        o1_0.order_date,
        o1_0.product_id,
        o1_0.quantity,
        o1_0.status 
    from
        orders o1_0 
    where
        o1_0.order_id=?
2025-06-11 01:01:35.115 DEBUG org.hibernate.SQL                        : 
    select
        o1_0.order_id,
        o1_0.customer_id,
        o1_0.order_date,
        o1_0.product_id,
        o1_0.quantity,
        o1_0.status 
    from
        orders o1_0 
    where
        o1_0.order_id=?
2025-06-11 01:01:35.128  INFO c.p.o.service.OrderServiceImpl           : Product price for order ID 1: 799.99
2025-06-11 01:01:35.128  INFO c.p.o.service.OrderServiceImpl           : Total price for order ID 1: 3999.95
2025-06-11 01:01:35.133  INFO c.p.o.service.OrderServiceImpl           : Product price for order ID 8: 1999.99
2025-06-11 01:01:35.133  INFO c.p.o.service.OrderServiceImpl           : Total price for order ID 8: 23999.88
2025-06-11 01:01:35.142  INFO c.p.o.service.OrderServiceImpl           : Product price for order ID 8: 1999.99
2025-06-11 01:01:35.150  INFO c.p.o.service.OrderServiceImpl           : Product price for order ID 1: 799.99
2025-06-11 01:01:35.155  INFO c.p.o.service.OrderServiceImpl           : Attempting to calculate total price for order ID: 8
2025-06-11 01:01:35.157 DEBUG org.hibernate.SQL                        : 
    select
        o1_0.order_id,
        o1_0.customer_id,
        o1_0.order_date,
        o1_0.product_id,
        o1_0.quantity,
        o1_0.status 
    from
        orders o1_0 
    where
        o1_0.order_id=?
2025-06-11 01:01:35.272  INFO c.p.o.service.OrderServiceImpl           : Attempting to get product price for order ID: 8
2025-06-11 01:01:35.275  INFO c.p.o.service.OrderServiceImpl           : Attempting to calculate total price for order ID: 1
2025-06-11 01:01:35.276 DEBUG org.hibernate.SQL                        : 
    select
        o1_0.order_id,
        o1_0.customer_id,
        o1_0.order_date,
        o1_0.product_id,
        o1_0.quantity,
        o1_0.status 
    from
        orders o1_0 
    where
        o1_0.order_id=?
2025-06-11 01:01:35.279  INFO c.p.o.service.OrderServiceImpl           : Attempting to get product price for order ID: 1
2025-06-11 01:01:35.290  INFO c.p.o.service.OrderServiceImpl           : Product price for order ID 8: 1999.99
2025-06-11 01:01:35.290  INFO c.p.o.service.OrderServiceImpl           : Total price for order ID 8: 23999.88
2025-06-11 01:01:35.295  INFO c.p.o.service.OrderServiceImpl           : Product price for order ID 1: 799.99
2025-06-11 01:01:35.296  INFO c.p.o.service.OrderServiceImpl           : Total price for order ID 1: 3999.95
2025-06-11 01:01:56.114  INFO c.p.o.service.OrderServiceImpl           : Fetching orders between 2025-01-01 and 2025-12-31
2025-06-11 01:01:56.115 DEBUG org.hibernate.SQL                        : 
    select
        o1_0.order_id,
        o1_0.customer_id,
        o1_0.order_date,
        o1_0.product_id,
        o1_0.quantity,
        o1_0.status 
    from
        orders o1_0 
    where
        o1_0.order_date between ? and ?
2025-06-11 01:01:56.117  INFO c.p.o.service.OrderServiceImpl           : Found 2 orders between 2025-01-01 and 2025-12-31.
2025-06-11 01:03:09.551  INFO c.n.d.s.r.aws.ConfigClusterResolver      : Resolving eureka endpoints via configuration
2025-06-11 01:07:02.808  INFO o.s.c.n.e.s.EurekaServiceRegistry        : Unregistering application ORDER-SERVICE with eureka with status DOWN
2025-06-11 01:07:02.808  INFO com.netflix.discovery.DiscoveryClient    : Saw local status change event StatusChangeEvent [timestamp=1749584222808, current=DOWN, previous=UP]
2025-06-11 01:07:02.808  INFO com.netflix.discovery.DiscoveryClient    : DiscoveryClient_ORDER-SERVICE/LTIN600853.cts.com:order-service:8087: registering service...
2025-06-11 01:07:02.808  INFO o.s.b.w.e.tomcat.GracefulShutdown        : Commencing graceful shutdown. Waiting for active requests to complete
2025-06-11 01:07:02.823  INFO com.netflix.discovery.DiscoveryClient    : DiscoveryClient_ORDER-SERVICE/LTIN600853.cts.com:order-service:8087 - registration status: 204
2025-06-11 01:07:02.823  INFO o.s.b.w.e.tomcat.GracefulShutdown        : Graceful shutdown complete
2025-06-11 01:07:02.841  INFO j.LocalContainerEntityManagerFactoryBean : Closing JPA EntityManagerFactory for persistence unit 'default'
2025-06-11 01:07:02.841  INFO com.zaxxer.hikari.HikariDataSource       : HikariPool-1 - Shutdown initiated...
2025-06-11 01:07:02.841  INFO com.zaxxer.hikari.HikariDataSource       : HikariPool-1 - Shutdown completed.
2025-06-11 01:07:02.857  INFO com.netflix.discovery.DiscoveryClient    : Shutting down DiscoveryClient ...
2025-06-11 01:07:05.868  INFO com.netflix.discovery.DiscoveryClient    : Unregistering ...
2025-06-11 01:07:05.869  WARN c.netflix.discovery.TimedSupervisorTask  : task supervisor shutting down, can't accept the task
2025-06-11 01:07:05.888  INFO c.n.d.s.t.d.RedirectingEurekaHttpClient  : Request execution error. endpoint=DefaultEndpoint{ serviceUrl='http://localhost:8761/eureka/} exception=I/O error on DELETE request for "http://localhost:8761/eureka/apps/ORDER-SERVICE/LTIN600853.cts.com:order-service:8087": Connect to http://localhost:8761 [localhost/127.0.0.1, localhost/0:0:0:0:0:0:0:1] failed: Connection refused: no further information stacktrace=org.springframework.web.client.ResourceAccessException: I/O error on DELETE request for "http://localhost:8761/eureka/apps/ORDER-SERVICE/LTIN600853.cts.com:order-service:8087": Connect to http://localhost:8761 [localhost/127.0.0.1, localhost/0:0:0:0:0:0:0:1] failed: Connection refused: no further information
	at org.springframework.web.client.RestTemplate.createResourceAccessException(RestTemplate.java:926)
	at org.springframework.web.client.RestTemplate.doExecute(RestTemplate.java:906)
	at org.springframework.web.client.RestTemplate.execute(RestTemplate.java:841)
	at org.springframework.web.client.RestTemplate.exchange(RestTemplate.java:702)
	at org.springframework.cloud.netflix.eureka.http.RestTemplateEurekaHttpClient.cancel(RestTemplateEurekaHttpClient.java:100)
	at com.netflix.discovery.shared.transport.decorator.EurekaHttpClientDecorator$2.execute(EurekaHttpClientDecorator.java:74)
	at com.netflix.discovery.shared.transport.decorator.RedirectingEurekaHttpClient.execute(RedirectingEurekaHttpClient.java:91)
	at com.netflix.discovery.shared.transport.decorator.EurekaHttpClientDecorator.cancel(EurekaHttpClientDecorator.java:71)
	at com.netflix.discovery.shared.transport.decorator.EurekaHttpClientDecorator$2.execute(EurekaHttpClientDecorator.java:74)
	at com.netflix.discovery.shared.transport.decorator.RetryableEurekaHttpClient.execute(RetryableEurekaHttpClient.java:120)
	at com.netflix.discovery.shared.transport.decorator.EurekaHttpClientDecorator.cancel(EurekaHttpClientDecorator.java:71)
	at com.netflix.discovery.shared.transport.decorator.EurekaHttpClientDecorator$2.execute(EurekaHttpClientDecorator.java:74)
	at com.netflix.discovery.shared.transport.decorator.SessionedEurekaHttpClient.execute(SessionedEurekaHttpClient.java:76)
	at com.netflix.discovery.shared.transport.decorator.EurekaHttpClientDecorator.cancel(EurekaHttpClientDecorator.java:71)
	at com.netflix.discovery.DiscoveryClient.unregister(DiscoveryClient.java:919)
	at com.netflix.discovery.DiscoveryClient.shutdown(DiscoveryClient.java:900)
	at java.base/jdk.internal.reflect.DirectMethodHandleAccessor.invoke(DirectMethodHandleAccessor.java:103)
	at java.base/java.lang.reflect.Method.invoke(Method.java:580)
	at org.springframework.beans.factory.annotation.InitDestroyAnnotationBeanPostProcessor$LifecycleMethod.invoke(InitDestroyAnnotationBeanPostProcessor.java:457)
	at org.springframework.beans.factory.annotation.InitDestroyAnnotationBeanPostProcessor$LifecycleMetadata.invokeDestroyMethods(InitDestroyAnnotationBeanPostProcessor.java:415)
	at org.springframework.beans.factory.annotation.InitDestroyAnnotationBeanPostProcessor.postProcessBeforeDestruction(InitDestroyAnnotationBeanPostProcessor.java:239)
	at org.springframework.beans.factory.support.DisposableBeanAdapter.destroy(DisposableBeanAdapter.java:202)
	at org.springframework.beans.factory.support.DisposableBeanAdapter.run(DisposableBeanAdapter.java:195)
	at org.springframework.cloud.context.scope.GenericScope$BeanLifecycleWrapper.destroy(GenericScope.java:387)
	at org.springframework.cloud.context.scope.GenericScope.destroy(GenericScope.java:134)
	at org.springframework.beans.factory.support.DisposableBeanAdapter.destroy(DisposableBeanAdapter.java:211)
	at org.springframework.beans.factory.support.DefaultSingletonBeanRegistry.destroyBean(DefaultSingletonBeanRegistry.java:798)
	at org.springframework.beans.factory.support.DefaultSingletonBeanRegistry.destroySingleton(DefaultSingletonBeanRegistry.java:748)
	at org.springframework.beans.factory.support.DefaultListableBeanFactory.destroySingleton(DefaultListableBeanFactory.java:1474)
	at org.springframework.beans.factory.support.DefaultSingletonBeanRegistry.destroySingletons(DefaultSingletonBeanRegistry.java:707)
	at org.springframework.beans.factory.support.DefaultListableBeanFactory.destroySingletons(DefaultListableBeanFactory.java:1467)
	at org.springframework.context.support.AbstractApplicationContext.destroyBeans(AbstractApplicationContext.java:1219)
	at org.springframework.context.support.AbstractApplicationContext.doClose(AbstractApplicationContext.java:1180)
	at org.springframework.boot.web.servlet.context.ServletWebServerApplicationContext.doClose(ServletWebServerApplicationContext.java:179)
	at org.springframework.context.support.AbstractApplicationContext.close(AbstractApplicationContext.java:1126)
	at org.springframework.boot.SpringApplicationShutdownHook.closeAndWait(SpringApplicationShutdownHook.java:147)
	at java.base/java.lang.Iterable.forEach(Iterable.java:75)
	at org.springframework.boot.SpringApplicationShutdownHook.run(SpringApplicationShutdownHook.java:116)
	at java.base/java.lang.Thread.run(Thread.java:1583)
Caused by: org.apache.hc.client5.http.HttpHostConnectException: Connect to http://localhost:8761 [localhost/127.0.0.1, localhost/0:0:0:0:0:0:0:1] failed: Connection refused: no further information
	at java.base/sun.nio.ch.Net.pollConnect(Native Method)
	at java.base/sun.nio.ch.Net.pollConnectNow(Net.java:682)
	at java.base/sun.nio.ch.NioSocketImpl.timedFinishConnect(NioSocketImpl.java:542)
	at java.base/sun.nio.ch.NioSocketImpl.connect(NioSocketImpl.java:592)
	at java.base/java.net.SocksSocketImpl.connect(SocksSocketImpl.java:327)
	at java.base/java.net.Socket.connect(Socket.java:751)
	at org.apache.hc.client5.http.impl.io.DefaultHttpClientConnectionOperator.connect(DefaultHttpClientConnectionOperator.java:216)
	at org.apache.hc.client5.http.impl.io.PoolingHttpClientConnectionManager.connect(PoolingHttpClientConnectionManager.java:490)
	at org.apache.hc.client5.http.impl.classic.InternalExecRuntime.connectEndpoint(InternalExecRuntime.java:164)
	at org.apache.hc.client5.http.impl.classic.InternalExecRuntime.connectEndpoint(InternalExecRuntime.java:174)
	at org.apache.hc.client5.http.impl.classic.ConnectExec.execute(ConnectExec.java:144)
	at org.apache.hc.client5.http.impl.classic.ExecChainElement.execute(ExecChainElement.java:51)
	at org.apache.hc.client5.http.impl.classic.ProtocolExec.execute(ProtocolExec.java:192)
	at org.apache.hc.client5.http.impl.classic.ExecChainElement.execute(ExecChainElement.java:51)
	at org.apache.hc.client5.http.impl.classic.ContentCompressionExec.execute(ContentCompressionExec.java:150)
	at org.apache.hc.client5.http.impl.classic.ExecChainElement.execute(ExecChainElement.java:51)
	at org.apache.hc.client5.http.impl.classic.HttpRequestRetryExec.execute(HttpRequestRetryExec.java:113)
	at org.apache.hc.client5.http.impl.classic.ExecChainElement.execute(ExecChainElement.java:51)
	at org.apache.hc.client5.http.impl.classic.RedirectExec.execute(RedirectExec.java:110)
	at org.apache.hc.client5.http.impl.classic.ExecChainElement.execute(ExecChainElement.java:51)
	at org.apache.hc.client5.http.impl.classic.InternalHttpClient.doExecute(InternalHttpClient.java:183)
	at org.apache.hc.client5.http.impl.classic.CloseableHttpClient.execute(CloseableHttpClient.java:87)
	at org.apache.hc.client5.http.impl.classic.CloseableHttpClient.execute(CloseableHttpClient.java:55)
	at org.apache.hc.client5.http.classic.HttpClient.executeOpen(HttpClient.java:183)
	at org.springframework.http.client.HttpComponentsClientHttpRequest.executeInternal(HttpComponentsClientHttpRequest.java:99)
	at org.springframework.http.client.AbstractStreamingClientHttpRequest.executeInternal(AbstractStreamingClientHttpRequest.java:71)
	at org.springframework.http.client.AbstractClientHttpRequest.execute(AbstractClientHttpRequest.java:81)
	at org.springframework.http.client.InterceptingClientHttpRequest$InterceptingRequestExecution.execute(InterceptingClientHttpRequest.java:117)
	at org.springframework.cloud.netflix.eureka.http.RestTemplateTransportClientFactory.lambda$restTemplate$2(RestTemplateTransportClientFactory.java:145)
	at org.springframework.http.client.InterceptingClientHttpRequest$InterceptingRequestExecution.execute(InterceptingClientHttpRequest.java:88)
	at org.springframework.http.client.InterceptingClientHttpRequest.executeInternal(InterceptingClientHttpRequest.java:72)
	at org.springframework.http.client.AbstractBufferingClientHttpRequest.executeInternal(AbstractBufferingClientHttpRequest.java:48)
	at org.springframework.http.client.AbstractClientHttpRequest.execute(AbstractClientHttpRequest.java:81)
	at org.springframework.web.client.RestTemplate.doExecute(RestTemplate.java:900)
	... 37 more

2025-06-11 01:07:05.889  WARN c.n.d.s.t.d.RetryableEurekaHttpClient    : Request execution failed with message: I/O error on DELETE request for "http://localhost:8761/eureka/apps/ORDER-SERVICE/LTIN600853.cts.com:order-service:8087": Connect to http://localhost:8761 [localhost/127.0.0.1, localhost/0:0:0:0:0:0:0:1] failed: Connection refused: no further information
2025-06-11 01:07:05.934  INFO c.n.d.s.t.d.RedirectingEurekaHttpClient  : Request execution error. endpoint=DefaultEndpoint{ serviceUrl='http://localhost:8761/eureka/}, exception=I/O error on DELETE request for "http://localhost:8761/eureka/apps/ORDER-SERVICE/LTIN600853.cts.com:order-service:8087": Connect to http://localhost:8761 [localhost/127.0.0.1, localhost/0:0:0:0:0:0:0:1] failed: Connection refused: no further information stacktrace=org.springframework.web.client.ResourceAccessException: I/O error on DELETE request for "http://localhost:8761/eureka/apps/ORDER-SERVICE/LTIN600853.cts.com:order-service:8087": Connect to http://localhost:8761 [localhost/127.0.0.1, localhost/0:0:0:0:0:0:0:1] failed: Connection refused: no further information
	at org.springframework.web.client.RestTemplate.createResourceAccessException(RestTemplate.java:926)
	at org.springframework.web.client.RestTemplate.doExecute(RestTemplate.java:906)
	at org.springframework.web.client.RestTemplate.execute(RestTemplate.java:841)
	at org.springframework.web.client.RestTemplate.exchange(RestTemplate.java:702)
	at org.springframework.cloud.netflix.eureka.http.RestTemplateEurekaHttpClient.cancel(RestTemplateEurekaHttpClient.java:100)
	at com.netflix.discovery.shared.transport.decorator.EurekaHttpClientDecorator$2.execute(EurekaHttpClientDecorator.java:74)
	at com.netflix.discovery.shared.transport.decorator.RedirectingEurekaHttpClient.executeOnNewServer(RedirectingEurekaHttpClient.java:121)
	at com.netflix.discovery.shared.transport.decorator.RedirectingEurekaHttpClient.execute(RedirectingEurekaHttpClient.java:80)
	at com.netflix.discovery.shared.transport.decorator.EurekaHttpClientDecorator.cancel(EurekaHttpClientDecorator.java:71)
	at com.netflix.discovery.shared.transport.decorator.EurekaHttpClientDecorator$2.execute(EurekaHttpClientDecorator.java:74)
	at com.netflix.discovery.shared.transport.decorator.RetryableEurekaHttpClient.execute(RetryableEurekaHttpClient.java:120)
	at com.netflix.discovery.shared.transport.decorator.EurekaHttpClientDecorator.cancel(EurekaHttpClientDecorator.java:71)
	at com.netflix.discovery.shared.transport.decorator.EurekaHttpClientDecorator$2.execute(EurekaHttpClientDecorator.java:74)
	at com.netflix.discovery.shared.transport.decorator.SessionedEurekaHttpClient.execute(SessionedEurekaHttpClient.java:76)
	at com.netflix.discovery.shared.transport.decorator.EurekaHttpClientDecorator.cancel(EurekaHttpClientDecorator.java:71)
	at com.netflix.discovery.DiscoveryClient.unregister(DiscoveryClient.java:919)
	at com.netflix.discovery.DiscoveryClient.shutdown(DiscoveryClient.java:900)
	at java.base/jdk.internal.reflect.DirectMethodHandleAccessor.invoke(DirectMethodHandleAccessor.java:103)
	at java.base/java.lang.reflect.Method.invoke(Method.java:580)
	at org.springframework.beans.factory.annotation.InitDestroyAnnotationBeanPostProcessor$LifecycleMethod.invoke(InitDestroyAnnotationBeanPostProcessor.java:457)
	at org.springframework.beans.factory.annotation.InitDestroyAnnotationBeanPostProcessor$LifecycleMetadata.invokeDestroyMethods(InitDestroyAnnotationBeanPostProcessor.java:415)
	at org.springframework.beans.factory.annotation.InitDestroyAnnotationBeanPostProcessor.postProcessBeforeDestruction(InitDestroyAnnotationBeanPostProcessor.java:239)
	at org.springframework.beans.factory.support.DisposableBeanAdapter.destroy(DisposableBeanAdapter.java:202)
	at org.springframework.beans.factory.support.DisposableBeanAdapter.run(DisposableBeanAdapter.java:195)
	at org.springframework.cloud.context.scope.GenericScope$BeanLifecycleWrapper.destroy(GenericScope.java:387)
	at org.springframework.cloud.context.scope.GenericScope.destroy(GenericScope.java:134)
	at org.springframework.beans.factory.support.DisposableBeanAdapter.destroy(DisposableBeanAdapter.java:211)
	at org.springframework.beans.factory.support.DefaultSingletonBeanRegistry.destroyBean(DefaultSingletonBeanRegistry.java:798)
	at org.springframework.beans.factory.support.DefaultSingletonBeanRegistry.destroySingleton(DefaultSingletonBeanRegistry.java:748)
	at org.springframework.beans.factory.support.DefaultListableBeanFactory.destroySingleton(DefaultListableBeanFactory.java:1474)
	at org.springframework.beans.factory.support.DefaultSingletonBeanRegistry.destroySingletons(DefaultSingletonBeanRegistry.java:707)
	at org.springframework.beans.factory.support.DefaultListableBeanFactory.destroySingletons(DefaultListableBeanFactory.java:1467)
	at org.springframework.context.support.AbstractApplicationContext.destroyBeans(AbstractApplicationContext.java:1219)
	at org.springframework.context.support.AbstractApplicationContext.doClose(AbstractApplicationContext.java:1180)
	at org.springframework.boot.web.servlet.context.ServletWebServerApplicationContext.doClose(ServletWebServerApplicationContext.java:179)
	at org.springframework.context.support.AbstractApplicationContext.close(AbstractApplicationContext.java:1126)
	at org.springframework.boot.SpringApplicationShutdownHook.closeAndWait(SpringApplicationShutdownHook.java:147)
	at java.base/java.lang.Iterable.forEach(Iterable.java:75)
	at org.springframework.boot.SpringApplicationShutdownHook.run(SpringApplicationShutdownHook.java:116)
	at java.base/java.lang.Thread.run(Thread.java:1583)
Caused by: org.apache.hc.client5.http.HttpHostConnectException: Connect to http://localhost:8761 [localhost/127.0.0.1, localhost/0:0:0:0:0:0:0:1] failed: Connection refused: no further information
	at java.base/sun.nio.ch.Net.pollConnect(Native Method)
	at java.base/sun.nio.ch.Net.pollConnectNow(Net.java:682)
	at java.base/sun.nio.ch.NioSocketImpl.timedFinishConnect(NioSocketImpl.java:542)
	at java.base/sun.nio.ch.NioSocketImpl.connect(NioSocketImpl.java:592)
	at java.base/java.net.SocksSocketImpl.connect(SocksSocketImpl.java:327)
	at java.base/java.net.Socket.connect(Socket.java:751)
	at org.apache.hc.client5.http.impl.io.DefaultHttpClientConnectionOperator.connect(DefaultHttpClientConnectionOperator.java:216)
	at org.apache.hc.client5.http.impl.io.PoolingHttpClientConnectionManager.connect(PoolingHttpClientConnectionManager.java:490)
	at org.apache.hc.client5.http.impl.classic.InternalExecRuntime.connectEndpoint(InternalExecRuntime.java:164)
	at org.apache.hc.client5.http.impl.classic.InternalExecRuntime.connectEndpoint(InternalExecRuntime.java:174)
	at org.apache.hc.client5.http.impl.classic.ConnectExec.execute(ConnectExec.java:144)
	at org.apache.hc.client5.http.impl.classic.ExecChainElement.execute(ExecChainElement.java:51)
	at org.apache.hc.client5.http.impl.classic.ProtocolExec.execute(ProtocolExec.java:192)
	at org.apache.hc.client5.http.impl.classic.ExecChainElement.execute(ExecChainElement.java:51)
	at org.apache.hc.client5.http.impl.classic.ContentCompressionExec.execute(ContentCompressionExec.java:150)
	at org.apache.hc.client5.http.impl.classic.ExecChainElement.execute(ExecChainElement.java:51)
	at org.apache.hc.client5.http.impl.classic.HttpRequestRetryExec.execute(HttpRequestRetryExec.java:113)
	at org.apache.hc.client5.http.impl.classic.ExecChainElement.execute(ExecChainElement.java:51)
	at org.apache.hc.client5.http.impl.classic.RedirectExec.execute(RedirectExec.java:110)
	at org.apache.hc.client5.http.impl.classic.ExecChainElement.execute(ExecChainElement.java:51)
	at org.apache.hc.client5.http.impl.classic.InternalHttpClient.doExecute(InternalHttpClient.java:183)
	at org.apache.hc.client5.http.impl.classic.CloseableHttpClient.execute(CloseableHttpClient.java:87)
	at org.apache.hc.client5.http.impl.classic.CloseableHttpClient.execute(CloseableHttpClient.java:55)
	at org.apache.hc.client5.http.classic.HttpClient.executeOpen(HttpClient.java:183)
	at org.springframework.http.client.HttpComponentsClientHttpRequest.executeInternal(HttpComponentsClientHttpRequest.java:99)
	at org.springframework.http.client.AbstractStreamingClientHttpRequest.executeInternal(AbstractStreamingClientHttpRequest.java:71)
	at org.springframework.http.client.AbstractClientHttpRequest.execute(AbstractClientHttpRequest.java:81)
	at org.springframework.http.client.InterceptingClientHttpRequest$InterceptingRequestExecution.execute(InterceptingClientHttpRequest.java:117)
	at org.springframework.cloud.netflix.eureka.http.RestTemplateTransportClientFactory.lambda$restTemplate$2(RestTemplateTransportClientFactory.java:145)
	at org.springframework.http.client.InterceptingClientHttpRequest$InterceptingRequestExecution.execute(InterceptingClientHttpRequest.java:88)
	at org.springframework.http.client.InterceptingClientHttpRequest.executeInternal(InterceptingClientHttpRequest.java:72)
	at org.springframework.http.client.AbstractBufferingClientHttpRequest.executeInternal(AbstractBufferingClientHttpRequest.java:48)
	at org.springframework.http.client.AbstractClientHttpRequest.execute(AbstractClientHttpRequest.java:81)
	at org.springframework.web.client.RestTemplate.doExecute(RestTemplate.java:900)
	... 38 more

2025-06-11 01:07:05.935  WARN c.n.d.s.t.d.RetryableEurekaHttpClient    : Request execution failed with message: I/O error on DELETE request for "http://localhost:8761/eureka/apps/ORDER-SERVICE/LTIN600853.cts.com:order-service:8087": Connect to http://localhost:8761 [localhost/127.0.0.1, localhost/0:0:0:0:0:0:0:1] failed: Connection refused: no further information
2025-06-11 01:07:05.935 ERROR com.netflix.discovery.DiscoveryClient    : DiscoveryClient_ORDER-SERVICE/LTIN600853.cts.com:order-service:8087 - de-registration failedCannot execute request on any known server
com.netflix.discovery.shared.transport.TransportException: Cannot execute request on any known server
	at com.netflix.discovery.shared.transport.decorator.RetryableEurekaHttpClient.execute(RetryableEurekaHttpClient.java:112)
	at com.netflix.discovery.shared.transport.decorator.EurekaHttpClientDecorator.cancel(EurekaHttpClientDecorator.java:71)
	at com.netflix.discovery.shared.transport.decorator.EurekaHttpClientDecorator$2.execute(EurekaHttpClientDecorator.java:74)
	at com.netflix.discovery.shared.transport.decorator.SessionedEurekaHttpClient.execute(SessionedEurekaHttpClient.java:76)
	at com.netflix.discovery.shared.transport.decorator.EurekaHttpClientDecorator.cancel(EurekaHttpClientDecorator.java:71)
	at com.netflix.discovery.DiscoveryClient.unregister(DiscoveryClient.java:919)
	at com.netflix.discovery.DiscoveryClient.shutdown(DiscoveryClient.java:900)
	at java.base/jdk.internal.reflect.DirectMethodHandleAccessor.invoke(DirectMethodHandleAccessor.java:103)
	at java.base/java.lang.reflect.Method.invoke(Method.java:580)
	at org.springframework.beans.factory.annotation.InitDestroyAnnotationBeanPostProcessor$LifecycleMethod.invoke(InitDestroyAnnotationBeanPostProcessor.java:457)
	at org.springframework.beans.factory.annotation.InitDestroyAnnotationBeanPostProcessor$LifecycleMetadata.invokeDestroyMethods(InitDestroyAnnotationBeanPostProcessor.java:415)
	at org.springframework.beans.factory.annotation.InitDestroyAnnotationBeanPostProcessor.postProcessBeforeDestruction(InitDestroyAnnotationBeanPostProcessor.java:239)
	at org.springframework.beans.factory.support.DisposableBeanAdapter.destroy(DisposableBeanAdapter.java:202)
	at org.springframework.beans.factory.support.DisposableBeanAdapter.run(DisposableBeanAdapter.java:195)
	at org.springframework.cloud.context.scope.GenericScope$BeanLifecycleWrapper.destroy(GenericScope.java:387)
	at org.springframework.cloud.context.scope.GenericScope.destroy(GenericScope.java:134)
	at org.springframework.beans.factory.support.DisposableBeanAdapter.destroy(DisposableBeanAdapter.java:211)
	at org.springframework.beans.factory.support.DefaultSingletonBeanRegistry.destroyBean(DefaultSingletonBeanRegistry.java:798)
	at org.springframework.beans.factory.support.DefaultSingletonBeanRegistry.destroySingleton(DefaultSingletonBeanRegistry.java:748)
	at org.springframework.beans.factory.support.DefaultListableBeanFactory.destroySingleton(DefaultListableBeanFactory.java:1474)
	at org.springframework.beans.factory.support.DefaultSingletonBeanRegistry.destroySingletons(DefaultSingletonBeanRegistry.java:707)
	at org.springframework.beans.factory.support.DefaultListableBeanFactory.destroySingletons(DefaultListableBeanFactory.java:1467)
	at org.springframework.context.support.AbstractApplicationContext.destroyBeans(AbstractApplicationContext.java:1219)
	at org.springframework.context.support.AbstractApplicationContext.doClose(AbstractApplicationContext.java:1180)
	at org.springframework.boot.web.servlet.context.ServletWebServerApplicationContext.doClose(ServletWebServerApplicationContext.java:179)
	at org.springframework.context.support.AbstractApplicationContext.close(AbstractApplicationContext.java:1126)
	at org.springframework.boot.SpringApplicationShutdownHook.closeAndWait(SpringApplicationShutdownHook.java:147)
	at java.base/java.lang.Iterable.forEach(Iterable.java:75)
	at org.springframework.boot.SpringApplicationShutdownHook.run(SpringApplicationShutdownHook.java:116)
	at java.base/java.lang.Thread.run(Thread.java:1583)
2025-06-11 01:07:05.944  INFO com.netflix.discovery.DiscoveryClient    : Completed shut down of DiscoveryClient
